Log file open, 12/07/18 03:57:01
LogWindows: Failed to load 'aqProf.dll' (GetLastError=126)
LogWindows: File 'aqProf.dll' does not exist
LogWindows: Failed to load 'VSPerf140.dll' (GetLastError=126)
LogWindows: File 'VSPerf140.dll' does not exist
LogWindows: Failed to load 'VtuneApi.dll' (GetLastError=126)
LogWindows: File 'VtuneApi.dll' does not exist
LogWindows: Failed to load 'VtuneApi32e.dll' (GetLastError=126)
LogWindows: File 'VtuneApi32e.dll' does not exist
LogInit: Display: Running engine for game: GameDevProject4
LogPlatformFile: Not using cached read wrapper
LogTaskGraph: Started task graph with 5 named threads and 23 total threads with 3 sets of task threads.
LogStats: Stats thread started at 0.280681
LogD3D11RHI: Loaded GFSDK_Aftermath_Lib.x64.dll
LogICUInternationalization: Display: ICU TimeZone Detection - Raw Offset: -5:00, Platform Override: ''
LogPluginManager: Mounting plugin Paper2D
LogPluginManager: Mounting plugin AISupport
LogPluginManager: Mounting plugin LightPropagationVolume
LogPluginManager: Mounting plugin CLionSourceCodeAccess
LogPluginManager: Mounting plugin CodeLiteSourceCodeAccess
LogPluginManager: Mounting plugin GitSourceControl
LogPluginManager: Mounting plugin KDevelopSourceCodeAccess
LogPluginManager: Mounting plugin NullSourceCodeAccess
LogPluginManager: Mounting plugin PerforceSourceControl
LogPluginManager: Mounting plugin SubversionSourceControl
LogPluginManager: Mounting plugin UObjectPlugin
LogPluginManager: Mounting plugin VisualStudioCodeSourceCodeAccess
LogPluginManager: Mounting plugin VisualStudioSourceCodeAccess
LogPluginManager: Mounting plugin XCodeSourceCodeAccess
LogPluginManager: Mounting plugin AssetManagerEditor
LogPluginManager: Mounting plugin CryptoKeys
LogPluginManager: Mounting plugin DataValidation
LogPluginManager: Mounting plugin FacialAnimation
LogPluginManager: Mounting plugin GameplayTagsEditor
LogPluginManager: Mounting plugin MacGraphicsSwitching
LogPluginManager: Mounting plugin MeshEditor
LogPluginManager: Mounting plugin MobileLauncherProfileWizard
LogPluginManager: Mounting plugin PluginBrowser
LogPluginManager: Mounting plugin SpeedTreeImporter
LogPluginManager: Mounting plugin DatasmithContent
LogPluginManager: Mounting plugin AlembicImporter
LogPluginManager: Mounting plugin AppleImageUtils
LogPluginManager: Mounting plugin AppleVision
LogPluginManager: Mounting plugin BackChannel
LogPluginManager: Mounting plugin CharacterAI
LogPluginManager: Mounting plugin GeometryCache
LogPluginManager: Mounting plugin HTML5Networking
LogPluginManager: Mounting plugin ProxyLODPlugin
LogPluginManager: Mounting plugin MagicLeap
LogPluginManager: Mounting plugin MagicLeapEmulator
LogPluginManager: Mounting plugin MagicLeapMedia
LogPluginManager: Mounting plugin AndroidMedia
LogPluginManager: Mounting plugin AvfMedia
LogPluginManager: Mounting plugin ImgMedia
LogPluginManager: Mounting plugin LinearTimecode
LogPluginManager: Mounting plugin MediaCompositing
LogPluginManager: Mounting plugin MediaPlayerEditor
LogPluginManager: Mounting plugin WmfMedia
LogPluginManager: Mounting plugin TcpMessaging
LogPluginManager: Mounting plugin UdpMessaging
LogPluginManager: Mounting plugin ActorSequence
LogPluginManager: Mounting plugin LevelSequenceEditor
LogPluginManager: Mounting plugin MatineeToLevelSequence
LogPluginManager: Mounting plugin NetcodeUnitTest
LogPluginManager: Mounting plugin NUTUnrealEngine4
LogPluginManager: Mounting plugin OnlineSubsystemGooglePlay
LogPluginManager: Mounting plugin OnlineSubsystemIOS
LogPluginManager: Mounting plugin OnlineSubsystem
LogPluginManager: Mounting plugin OnlineSubsystemNull
LogPluginManager: Mounting plugin OnlineSubsystemUtils
LogPluginManager: Mounting plugin LauncherChunkInstaller
LogPluginManager: Mounting plugin AndroidDeviceProfileSelector
LogPluginManager: Mounting plugin AndroidMoviePlayer
LogPluginManager: Mounting plugin AndroidPermission
LogPluginManager: Mounting plugin AppleMoviePlayer
LogPluginManager: Mounting plugin ArchVisCharacter
LogPluginManager: Mounting plugin AudioCapture
LogPluginManager: Mounting plugin CableComponent
LogPluginManager: Mounting plugin CustomMeshComponent
LogPluginManager: Mounting plugin EditableMesh
LogPluginManager: Mounting plugin ExampleDeviceProfileSelector
LogPluginManager: Mounting plugin GoogleCloudMessaging
LogPluginManager: Mounting plugin ImmediatePhysics
LogPluginManager: Mounting plugin IOSDeviceProfileSelector
LogPluginManager: Mounting plugin LinuxDeviceProfileSelector
LogPluginManager: Mounting plugin LocationServicesBPLibrary
LogPluginManager: Mounting plugin MobilePatchingUtils
LogPluginManager: Mounting plugin OculusVR
LogPluginManager: Plugin shader directory ../../../Engine/Plugins/Runtime/Oculus/OculusVR/Shaders found
LogPluginManager: Mapping shader source directory ../../../Engine/Plugins/Runtime/Oculus/OculusVR/Shaders to virtual directory /Plugin/OculusVR
LogPluginManager: Mounting plugin PhysXVehicles
LogPluginManager: Mounting plugin ProceduralMeshComponent
LogPluginManager: Mounting plugin RuntimePhysXCooking
LogPluginManager: Mounting plugin SteamVR
LogPluginManager: Mounting plugin WindowsMoviePlayer
LogStreaming: Display: Took  0.102s to configure plugins.
LogInit: Using libcurl 7.55.1-DEV
LogInit:  - built for x86_64-pc-win32
LogInit:  - supports SSL with OpenSSL/1.0.2h
LogInit:  - supports HTTP deflate (compression) using libz 1.2.8
LogInit:  - other features:
LogInit:      CURL_VERSION_SSL
LogInit:      CURL_VERSION_LIBZ
LogInit:      CURL_VERSION_IPV6
LogInit:      CURL_VERSION_ASYNCHDNS
LogInit:      CURL_VERSION_LARGEFILE
LogInit:      CURL_VERSION_IDN
LogInit:  CurlRequestOptions (configurable via config and command line):
LogInit:  - bVerifyPeer = false  - Libcurl will NOT verify peer certificate
LogInit:  - bUseHttpProxy = false  - Libcurl will NOT use HTTP proxy
LogInit:  - bDontReuseConnections = false  - Libcurl will reuse connections
LogInit:  - CertBundlePath = nullptr  - Libcurl will use whatever was configured at build time.
LogInit:  - MaxHostConnections = 16  - Libcurl will limit the number of connections to a host
LogInit:  - LocalHostAddr = Default
LogInit:  - BufferSize = 65536
LogInit: WinSock: version 1.1 (2.2), MaxSocks=32767, MaxUdp=65467
LogInit: Build: ++UE4+Release-4.20-CL-4369336
LogInit: Engine Version: 4.20.3-4369336+++UE4+Release-4.20
LogInit: Compatible Engine Version: 4.20.0-4212847+++UE4+Release-4.20
LogInit: Net CL: 4212847
LogInit: OS: Windows 10 (), CPU: Intel(R) Core(TM) i7-7700HQ CPU @ 2.80GHz, GPU: Intel(R) HD Graphics 630
LogInit: Compiled (64-bit): Sep 17 2018 12:26:19
LogInit: Compiled with Visual C++: 19.13.26129.00
LogInit: Build Configuration: Development
LogInit: Branch Name: ++UE4+Release-4.20
LogInit: Command Line: 
LogInit: Base Directory: C:/Program Files/Epic Games/UE_4.20/Engine/Binaries/Win64/
LogInit: Installed Engine Build: 1
LogDevObjectVersion: Number of dev versions registered: 20
LogDevObjectVersion:   Dev-Blueprints (B0D832E4-1F89-4F0D-ACCF-7EB736FD4AA2): 10
LogDevObjectVersion:   Dev-Build (E1C64328-A22C-4D53-A36C-8E866417BD8C): 0
LogDevObjectVersion:   Dev-Core (375EC13C-06E4-48FB-B500-84F0262A717E): 2
LogDevObjectVersion:   Dev-Editor (E4B068ED-F494-42E9-A231-DA0B2E46BB41): 24
LogDevObjectVersion:   Dev-Framework (CFFC743F-43B0-4480-9391-14DF171D2073): 34
LogDevObjectVersion:   Dev-Mobile (B02B49B5-BB20-44E9-A304-32B752E40360): 2
LogDevObjectVersion:   Dev-Networking (A4E4105C-59A1-49B5-A7C5-40C4547EDFEE): 0
LogDevObjectVersion:   Dev-Online (39C831C9-5AE6-47DC-9A44-9C173E1C8E7C): 0
LogDevObjectVersion:   Dev-Physics (78F01B33-EBEA-4F98-B9B4-84EACCB95AA2): 0
LogDevObjectVersion:   Dev-Platform (6631380F-2D4D-43E0-8009-CF276956A95A): 0
LogDevObjectVersion:   Dev-Rendering (12F88B9F-8875-4AFC-A67C-D90C383ABD29): 26
LogDevObjectVersion:   Dev-Sequencer (7B5AE74C-D270-4C10-A958-57980B212A5A): 9
LogDevObjectVersion:   Dev-VR (D7296918-1DD6-4BDD-9DE2-64A83CC13884): 2
LogDevObjectVersion:   Dev-LoadTimes (C2A15278-BFE7-4AFE-6C17-90FF531DF755): 1
LogDevObjectVersion:   Private-Geometry (6EACA3D4-40EC-4CC1-B786-8BED09428FC5): 3
LogDevObjectVersion:   Dev-AnimPhys (29E575DD-E0A3-4627-9D10-D276232CDCEA): 17
LogDevObjectVersion:   Dev-ReflectionCapture (6B266CEC-1EC7-4B8F-A30B-E4D90942FC07): 1
LogDevObjectVersion:   Dev-Automation (0DF73D61-A23F-47EA-B727-89E90C41499A): 1
LogDevObjectVersion:   FortniteMain (601D1886-AC64-4F84-AA16-D3DE0DEAC7D6): 12
LogDevObjectVersion:   Dev-Enterprise (9DFFBCD6-494F-0158-E221-12823C92A888): 1
LogStreaming: Display: Took  0.003s to delete old logs.
LogInit: Presizing for max 8388607 objects, including 0 objects not considered by GC, pre-allocating 0 bytes for permanent pool.
LogInit: Object subsystem initialized
[2018.12.07-08.57.01:633][  0]LogInit: Selected Device Profile: [Windows]
[2018.12.07-08.57.01:633][  0]LogInit: Applying CVar settings loaded from the selected device profile: [Windows]
[2018.12.07-08.57.01:646][  0]LogHAL: Display: Platform has ~ 16 GB [17024626688 / 17179869184 / 16], which maps to Larger [LargestMinGB=32, LargerMinGB=12, DefaultMinGB=8, SmallerMinGB=6, SmallestMinGB=0)
[2018.12.07-08.57.01:646][  0]LogInit: Setting Device Profile CVar: [[r.Vulkan.UseRealUBs:1]]
[2018.12.07-08.57.01:646][  0]LogInit: Going up to parent DeviceProfile []
[2018.12.07-08.57.01:646][  0]LogInit: Computer: DESKTOP-M0194F0
[2018.12.07-08.57.01:646][  0]LogInit: User: vescha
[2018.12.07-08.57.01:646][  0]LogInit: CPU Page size=4096, Cores=4
[2018.12.07-08.57.01:646][  0]LogInit: High frequency timer resolution =2.742187 MHz
[2018.12.07-08.57.01:646][  0]LogMemory: Memory total: Physical=15.9GB (16GB approx)
[2018.12.07-08.57.01:646][  0]LogMemory: Platform Memory Stats for Windows
[2018.12.07-08.57.01:646][  0]LogMemory: Process Physical Memory: 101.89 MB used, 101.89 MB peak
[2018.12.07-08.57.01:646][  0]LogMemory: Process Virtual Memory: 90.58 MB used, 90.58 MB peak
[2018.12.07-08.57.01:646][  0]LogMemory: Physical Memory: 6357.50 MB used,  9878.45 MB free, 16235.95 MB total
[2018.12.07-08.57.01:646][  0]LogMemory: Virtual Memory: 4639.66 MB used,  9878.45 MB free, 134217728.00 MB total
[2018.12.07-08.57.01:664][  0]LogInit: Using OS detected language (en-US).
[2018.12.07-08.57.01:664][  0]LogInit: Using OS detected locale (en-US).
[2018.12.07-08.57.01:665][  0]LogTextLocalizationManager: No specific localization for 'en-US' exists, so the 'en' localization will be used.
[2018.12.07-08.57.02:004][  0]LogStreaming: Display: Took  0.339s to InitEngineTextLocalization.
[2018.12.07-08.57.02:004][  0]LogInit: Setting process to per monitor DPI aware
[2018.12.07-08.57.02:039][  0]LogSlate: New Slate User Created.  User Index 0, Is Virtual User: 0
[2018.12.07-08.57.02:039][  0]LogSlate: Slate User Registered.  User Index 0, Is Virtual User: 0
[2018.12.07-08.57.02:245][  0]LogHMD: Failed to initialize OpenVR with code 110
[2018.12.07-08.57.02:245][  0]LogD3D11RHI: D3D11 adapters:
[2018.12.07-08.57.02:300][  0]LogD3D11RHI:    0. 'NVIDIA GeForce GTX 1050' (Feature Level 11_0)
[2018.12.07-08.57.02:300][  0]LogD3D11RHI:       4021/0/8117 MB DedicatedVideo/DedicatedSystem/SharedSystem, Outputs:1, VendorId:0x10de
[2018.12.07-08.57.02:309][  0]LogD3D11RHI:    1. 'Intel(R) HD Graphics 630' (Feature Level 11_0)
[2018.12.07-08.57.02:309][  0]LogD3D11RHI:       128/0/8117 MB DedicatedVideo/DedicatedSystem/SharedSystem, Outputs:0, VendorId:0x8086
[2018.12.07-08.57.02:311][  0]LogD3D11RHI:    2. 'Microsoft Basic Render Driver' (Feature Level 11_0)
[2018.12.07-08.57.02:311][  0]LogD3D11RHI:       0/0/8117 MB DedicatedVideo/DedicatedSystem/SharedSystem, Outputs:0, VendorId:0x1414
[2018.12.07-08.57.02:311][  0]LogD3D11RHI: Chosen D3D11 Adapter: 0
[2018.12.07-08.57.02:337][  0]LogD3D11RHI: Creating new Direct3DDevice
[2018.12.07-08.57.02:337][  0]LogD3D11RHI:     GPU DeviceId: 0x1c8d (for the marketing name, search the web for "GPU Device Id")
[2018.12.07-08.57.02:337][  0]LogWindows: EnumDisplayDevices:
[2018.12.07-08.57.02:337][  0]LogWindows:    0. 'Intel(R) HD Graphics 630' (P:1 D:1)
[2018.12.07-08.57.02:337][  0]LogWindows:    1. 'Intel(R) HD Graphics 630' (P:0 D:0)
[2018.12.07-08.57.02:337][  0]LogWindows:    2. 'Intel(R) HD Graphics 630' (P:0 D:0)
[2018.12.07-08.57.02:338][  0]LogWindows: DebugString: PrimaryIsNotTheChoosenAdapter PrimaryIsNotTheChoosenAdapter PrimaryIsNotTheChoosenAdapter FoundDriverCount:0 
[2018.12.07-08.57.02:338][  0]LogD3D11RHI:     Adapter Name: NVIDIA GeForce GTX 1050
[2018.12.07-08.57.02:338][  0]LogD3D11RHI:   Driver Version: Unknown (internal:Unknown, unified:Unknown)
[2018.12.07-08.57.02:338][  0]LogD3D11RHI:      Driver Date: Unknown
[2018.12.07-08.57.02:338][  0]LogRHI: Texture pool is 2814 MB (70% of 4021 MB)
[2018.12.07-08.57.02:372][  0]LogD3D11RHI: Async texture creation enabled
[2018.12.07-08.57.02:388][  0]LogD3D11RHI: GPU Timing Frequency: 1000.000000 (Debug: 2 2)
[2018.12.07-08.57.02:389][  0]LogShaderCompilers: Guid format shader working directory is -26 characters bigger than the processId version (../../../../../../Users/vescha/Documents/UnrealprojectGD/GameDevProject4/Intermediate/Shaders/WorkingDirectory/21116/).
[2018.12.07-08.57.02:389][  0]LogShaderCompilers: Cleaned the shader compiler working directory 'C:/Users/vescha/AppData/Local/Temp/UnrealShaderWorkingDir/4546F2A54ED5AE09E6B5909687F3B591/'.
[2018.12.07-08.57.02:662][  0]LogTemp: Display: Loaded TP AllDesktopTargetPlatform
[2018.12.07-08.57.02:676][  0]LogTemp: Display: Loaded TP MacClientTargetPlatform
[2018.12.07-08.57.02:689][  0]LogTemp: Display: Loaded TP MacNoEditorTargetPlatform
[2018.12.07-08.57.02:703][  0]LogTemp: Display: Loaded TP MacServerTargetPlatform
[2018.12.07-08.57.02:716][  0]LogTemp: Display: Loaded TP MacTargetPlatform
[2018.12.07-08.57.02:729][  0]LogTemp: Display: Loaded TP WindowsClientTargetPlatform
[2018.12.07-08.57.02:743][  0]LogTemp: Display: Loaded TP WindowsNoEditorTargetPlatform
[2018.12.07-08.57.02:757][  0]LogTemp: Display: Loaded TP WindowsServerTargetPlatform
[2018.12.07-08.57.02:763][  0]LogTemp: Display: Loaded TP WindowsTargetPlatform
[2018.12.07-08.57.02:841][  0]LogTemp: Display: Loaded TP AndroidTargetPlatform
[2018.12.07-08.57.02:841][  0]LogTemp: Display: Loaded TP AndroidTargetPlatform
[2018.12.07-08.57.02:841][  0]LogTemp: Display: Loaded TP AndroidTargetPlatform
[2018.12.07-08.57.02:841][  0]LogTemp: Display: Loaded TP AndroidTargetPlatform
[2018.12.07-08.57.02:841][  0]LogTemp: Display: Loaded TP AndroidTargetPlatform
[2018.12.07-08.57.02:841][  0]LogTemp: Display: Loaded TP AndroidTargetPlatform
[2018.12.07-08.57.02:841][  0]LogTemp: Display: Loaded TP AndroidTargetPlatform
[2018.12.07-08.57.02:841][  0]LogTemp: Display: Loaded TP AndroidTargetPlatform
[2018.12.07-08.57.02:841][  0]LogTemp: Display: Loaded TP AndroidTargetPlatform
[2018.12.07-08.57.02:841][  0]LogTemp: Display: Loaded TP AndroidTargetPlatform
[2018.12.07-08.57.02:841][  0]LogTemp: Display: Loaded TP AndroidTargetPlatform
[2018.12.07-08.57.02:841][  0]LogTemp: Display: Loaded TP AndroidTargetPlatform
[2018.12.07-08.57.02:841][  0]LogTemp: Display: Loaded TP AndroidTargetPlatform
[2018.12.07-08.57.02:841][  0]LogTemp: Display: Loaded TP AndroidTargetPlatform
[2018.12.07-08.57.02:841][  0]LogTemp: Display: Loaded TP AndroidTargetPlatform
[2018.12.07-08.57.02:841][  0]LogTemp: Display: Loaded TP AndroidTargetPlatform
[2018.12.07-08.57.02:841][  0]LogTemp: Display: Loaded TP AndroidTargetPlatform
[2018.12.07-08.57.02:841][  0]LogTemp: Display: Loaded TP AndroidTargetPlatform
[2018.12.07-08.57.02:842][  0]LogTemp: Display: Loaded TP HTML5TargetPlatform
[2018.12.07-08.57.02:901][  0]LogTemp: Display: Loaded TP IOSTargetPlatform
[2018.12.07-08.57.02:901][  0]LogTemp: Display: Loaded TP IOSTargetPlatform
[2018.12.07-08.57.02:925][  0]LogTemp: Display: Loaded TP TVOSTargetPlatform
[2018.12.07-08.57.02:925][  0]LogTemp: Display: Loaded TP TVOSTargetPlatform
[2018.12.07-08.57.02:937][  0]LogTemp: Display: Loaded TP LinuxClientTargetPlatform
[2018.12.07-08.57.02:948][  0]LogTemp: Display: Loaded TP LinuxNoEditorTargetPlatform
[2018.12.07-08.57.02:961][  0]LogTemp: Display: Loaded TP LinuxServerTargetPlatform
[2018.12.07-08.57.02:974][  0]LogTemp: Display: Loaded TP LinuxTargetPlatform
[2018.12.07-08.57.02:983][  0]LogTemp: Display: Loaded TP LuminTargetPlatform
[2018.12.07-08.57.02:983][  0]LogTargetPlatformManager: Display: Building Assets For Windows
[2018.12.07-08.57.03:042][  0]LogXGEController: Cannot use XGE Controller as Incredibuild is not installed on this machine.
[2018.12.07-08.57.03:042][  0]LogShaderCompilers: Cannot use XGE Shader Compiler as Incredibuild is not installed on this machine.
[2018.12.07-08.57.03:042][  0]LogShaderCompilers: Display: Using Local Shader Compiler.
[2018.12.07-08.57.03:737][  0]LogDerivedDataCache: Display: Max Cache Size: 512 MB
[2018.12.07-08.57.03:794][  0]LogDerivedDataCache: Loaded boot cache 0.06s 71MB C:/Users/vescha/AppData/Local/UnrealEngine/4.20/DerivedDataCache/Boot.ddc.
[2018.12.07-08.57.03:794][  0]LogDerivedDataCache: Display: Loaded Boot cache: C:/Users/vescha/AppData/Local/UnrealEngine/4.20/DerivedDataCache/Boot.ddc
[2018.12.07-08.57.03:794][  0]LogDerivedDataCache: FDerivedDataBackendGraph:  Pak pak cache file ../../../../../../Users/vescha/Documents/UnrealprojectGD/GameDevProject4/DerivedDataCache/DDC.ddp not found, will not use a pak cache.
[2018.12.07-08.57.03:794][  0]LogDerivedDataCache: Unable to find inner node Pak for hierarchical cache Hierarchy.
[2018.12.07-08.57.03:795][  0]LogDerivedDataCache: FDerivedDataBackendGraph:  CompressedPak pak cache file ../../../../../../Users/vescha/Documents/UnrealprojectGD/GameDevProject4/DerivedDataCache/Compressed.ddp not found, will not use a pak cache.
[2018.12.07-08.57.03:795][  0]LogDerivedDataCache: Unable to find inner node CompressedPak for hierarchical cache Hierarchy.
[2018.12.07-08.57.03:808][  0]LogDerivedDataCache: Display: Pak cache opened for reading ../../../Engine/DerivedDataCache/Compressed.ddp.
[2018.12.07-08.57.03:821][  0]LogDerivedDataCache: Using Local data cache path C:/Users/vescha/AppData/Local/UnrealEngine/Common/DerivedDataCache: Writable
[2018.12.07-08.57.03:821][  0]LogDerivedDataCache: Shared data cache path not found in *engine.ini, will not use an Shared cache.
[2018.12.07-08.57.03:821][  0]LogDerivedDataCache: Unable to find inner node Shared for hierarchical cache Hierarchy.
[2018.12.07-08.57.03:838][  0]LogMaterial: Verifying Global Shaders for PCD3D_SM5
[2018.12.07-08.57.03:840][  0]LogSlate: Using FreeType 2.6.0
[2018.12.07-08.57.03:840][  0]LogSlate: SlateFontServices - WITH_FREETYPE: 1, WITH_HARFBUZZ: 1
[2018.12.07-08.57.03:916][  0]LogAssetRegistry: FAssetRegistry took 0.0265 seconds to start up
[2018.12.07-08.57.04:223][  0]LogInit: Selected Device Profile: [Windows]
[2018.12.07-08.57.04:348][  0]LogSimplygon: Simplygon DLL not present - disabling.
[2018.12.07-08.57.04:352][  0]LogMeshReduction: Using SimplygonSwarm for distributed automatic mesh merging
[2018.12.07-08.57.04:352][  0]LogMeshReduction: Using ProxyLODMeshReduction for automatic mesh merging
[2018.12.07-08.57.04:352][  0]LogMeshReduction: Using QuadricMeshReduction for automatic static mesh reduction
[2018.12.07-08.57.04:352][  0]LogMeshReduction: No automatic skeletal mesh reduction module available
[2018.12.07-08.57.04:371][  0]LogNetVersion: GameDevProject4 1.0.0, NetCL: 4212847, EngineNetVer: 5, GameNetVer: 0 (Checksum: 3206728263)
[2018.12.07-08.57.04:866][  0]LogPackageLocalizationCache: Processed 11 localized package path(s) for 2 prioritized culture(s) in 0.094560 seconds
[2018.12.07-08.57.04:871][  0]LogUObjectArray: 38425 objects as part of root set at end of initial load.
[2018.12.07-08.57.04:871][  0]LogUObjectAllocator: 6690864 out of 0 bytes used by permanent object pool.
[2018.12.07-08.57.04:871][  0]LogUObjectArray: CloseDisregardForGC: 0/0 objects in disregard for GC pool
[2018.12.07-08.57.05:675][  0]LogTcpMessaging: Initializing TcpMessaging bridge
[2018.12.07-08.57.05:689][  0]LogUdpMessaging: Initializing bridge on interface 0.0.0.0:0 to multicast group 230.0.0.1:6666.
[2018.12.07-08.57.05:828][  0]SourceControl: Source control is disabled
[2018.12.07-08.57.05:828][  0]SourceControl: Source control is disabled
[2018.12.07-08.57.05:829][  0]SourceControl: Source control is disabled
[2018.12.07-08.57.05:830][  0]SourceControl: Source control is disabled
[2018.12.07-08.57.05:984][  0]LogAndroidPermission: UAndroidPermissionCallbackProxy::GetInstance
[2018.12.07-08.57.06:031][  0]LogOcInput: OculusInput pre-init called
[2018.12.07-08.57.06:088][  0]LogEngine: Initializing Engine...
[2018.12.07-08.57.06:089][  0]LogHMD: Failed to initialize OpenVR with code 110
[2018.12.07-08.57.06:091][  0]LogStats: UGameplayTagsManager::ConstructGameplayTagTree: ImportINI prefixes -  0.000 s
[2018.12.07-08.57.06:091][  0]LogStats: UGameplayTagsManager::ConstructGameplayTagTree: Construct from data asset -  0.000 s
[2018.12.07-08.57.06:091][  0]LogStats: UGameplayTagsManager::ConstructGameplayTagTree: ImportINI -  0.000 s
[2018.12.07-08.57.06:091][  0]LogStats: UGameplayTagsManager::ConstructGameplayTagTree: GameplayTagTreeChangedEvent.Broadcast -  0.000 s
[2018.12.07-08.57.06:294][  0]LogInit: Initializing FReadOnlyCVARCache
[2018.12.07-08.57.06:308][  0]LogAIModule: Creating AISystem for world Untitled
[2018.12.07-08.57.06:362][  0]LogInit: XAudio2 using 'Speakers / Headphones (Realtek Audio)' : 2 channels at 48 kHz using 32 bits per sample (channel mask 0x3)
[2018.12.07-08.57.06:820][  0]LogInit: FAudioDevice initialized.
[2018.12.07-08.57.06:820][  0]LogNetVersion: Set ProjectVersion to 1.0.0.0. Version Checksum will be recalculated on next use.
[2018.12.07-08.57.06:864][  0]LogDerivedDataCache: Saved boot cache 0.04s 71MB C:/Users/vescha/AppData/Local/UnrealEngine/4.20/DerivedDataCache/Boot.ddc.
[2018.12.07-08.57.06:876][  0]LogInit: Texture streaming: Enabled
[2018.12.07-08.57.06:891][  0]LogEngineSessionManager: EngineSessionManager initialized
[2018.12.07-08.57.06:904][  0]LogInit: Transaction tracking system initialized
[2018.12.07-08.57.06:927][  0]BlueprintLog: New page: Editor Load
[2018.12.07-08.57.07:003][  0]LocalizationService: Localization service is disabled
[2018.12.07-08.57.07:323][  0]LogCook: Display: Max memory allowance for cook 16384mb min free memory 0mb
[2018.12.07-08.57.07:323][  0]LogCook: Display: Mobile HDR setting 1
[2018.12.07-08.57.07:323][  0]LogGameplayTags: Display: UGameplayTagsManager::DoneAddingNativeTags. DelegateIsBound: 0
[2018.12.07-08.57.07:323][  0]LogStats: UGameplayTagsManager::ConstructGameplayTagTree: ImportINI prefixes -  0.000 s
[2018.12.07-08.57.07:323][  0]LogStats: UGameplayTagsManager::ConstructGameplayTagTree: Construct from data asset -  0.000 s
[2018.12.07-08.57.07:323][  0]LogStats: UGameplayTagsManager::ConstructGameplayTagTree: ImportINI -  0.000 s
[2018.12.07-08.57.07:323][  0]LogStats: UGameplayTagsManager::ConstructGameplayTagTree: GameplayTagTreeChangedEvent.Broadcast -  0.000 s
[2018.12.07-08.57.07:431][  0]LogFileCache: Scanning file cache for directory 'C:/Users/vescha/Documents/UnrealprojectGD/GameDevProject4/Content/' took 0.02s
[2018.12.07-08.57.07:431][  0]SourceControl: Source control is disabled
[2018.12.07-08.57.07:431][  0]Cmd: MAP LOAD FILE="../../../../../../Users/vescha/Documents/UnrealprojectGD/GameDevProject4/Content/FirstPersonBP/Maps/FirstPersonExampleMap.umap" TEMPLATE=0 SHOWPROGRESS=1 FEATURELEVEL=3
[2018.12.07-08.57.07:432][  0]LightingResults: New page: Lighting Build
[2018.12.07-08.57.07:434][  0]MapCheck: New page: Map Check
[2018.12.07-08.57.07:434][  0]LightingResults: New page: Lighting Build
[2018.12.07-08.57.07:822][  0]LogLinker: Warning: Can't find file '/Game/lowpoplyart_assets/models/pathway'
[2018.12.07-08.57.07:822][  0]LogLinker: Warning: Can't find file for asset '/Game/lowpoplyart_assets/models/pathway' while loading ../../../../../../Users/vescha/Documents/UnrealprojectGD/GameDevProject4/Content/FirstPersonBP/Maps/FirstPersonExampleMap.umap.
[2018.12.07-08.57.07:822][  0]LoadErrors: Error: /Game/FirstPersonBP/Maps/FirstPersonExampleMap : Can't find file for asset. /Game/lowpoplyart_assets/models/pathway
[2018.12.07-08.57.07:835][  0]LogLinker: Warning: Can't find file '/Game/lowpoplyart_assets/models/pathway'
[2018.12.07-08.57.07:835][  0]LogLinker: Warning: Can't find file for asset '/Game/lowpoplyart_assets/models/pathway' while loading ../../../../../../Users/vescha/Documents/UnrealprojectGD/GameDevProject4/Content/FirstPersonBP/Maps/FirstPersonExampleMap.umap.
[2018.12.07-08.57.07:836][  0]LoadErrors: Error: /Game/FirstPersonBP/Maps/FirstPersonExampleMap : Can't find file for asset. /Game/lowpoplyart_assets/models/pathway
[2018.12.07-08.57.07:841][  0]LogLinker: Warning: Can't find file '/Game/lowpoplyart_assets/models/pathway'
[2018.12.07-08.57.07:842][  0]LogLinker: Warning: Can't find file for asset '/Game/lowpoplyart_assets/models/pathway' while loading NULL.
[2018.12.07-08.57.07:842][  0]LogLinker: Warning: Can't find file '/Game/lowpoplyart_assets/models/pathway'
[2018.12.07-08.57.07:842][  0]LogLinker: Warning: Can't find file for asset '/Game/lowpoplyart_assets/models/pathway' while loading NULL.
[2018.12.07-08.57.08:240][  0]LogLinker: Warning: Can't find file '/Game/lowpoplyart_assets/models/pathway'
[2018.12.07-08.57.08:240][  0]LoadErrors: Failed to load /Game/lowpoplyart_assets/models/pathway.pathway Referenced by StaticMeshComponent0
[2018.12.07-08.57.08:240][  0]LogLinker: Warning: Can't find file for asset '/Game/lowpoplyart_assets/models/pathway' while loading NULL.
[2018.12.07-08.57.08:240][  0]LoadErrors: Failed to load /Game/lowpoplyart_assets/models/pathway.pathway Referenced by StaticMeshComponent0
[2018.12.07-08.57.08:539][  0]LogAIModule: Creating AISystem for world FirstPersonExampleMap
[2018.12.07-08.57.08:932][  0]LogEditorServer: Finished looking for orphan Actors (0.000 secs)
[2018.12.07-08.57.09:122][  0]Cmd: MAP CHECKDEP NOCLEARLOG
[2018.12.07-08.57.09:202][  0]MapCheck: Map check complete: 0 Error(s), 0 Warning(s), took 79.785ms to complete.
[2018.12.07-08.57.09:202][  0]LogFileHelpers: Loading map 'FirstPersonExampleMap' took 1.770
[2018.12.07-08.57.09:301][  0]LogSlate: Updating window title bar state: overlay mode, drag disabled, window buttons hidden, title bar hidden
[2018.12.07-08.57.09:308][  0]LogSlate: Updating window title bar state: overlay mode, drag disabled, window buttons hidden, title bar hidden
[2018.12.07-08.57.09:316][  0]LogSlate: Updating window title bar state: overlay mode, drag disabled, window buttons hidden, title bar hidden
[2018.12.07-08.57.09:324][  0]LogSlate: Updating window title bar state: overlay mode, drag disabled, window buttons hidden, title bar hidden
[2018.12.07-08.57.09:330][  0]LogCollectionManager: Loaded 0 collections in 0.001606 seconds
[2018.12.07-08.57.09:369][  0]LogFileCache: Scanning file cache for directory 'C:/Users/vescha/Documents/UnrealprojectGD/GameDevProject4/Saved/Collections/' took 0.01s
[2018.12.07-08.57.09:369][  0]LogFileCache: Scanning file cache for directory 'C:/Users/vescha/Documents/UnrealprojectGD/GameDevProject4/Content/Developers/vescha/Collections/' took 0.01s
[2018.12.07-08.57.09:369][  0]LogFileCache: Scanning file cache for directory 'C:/Users/vescha/Documents/UnrealprojectGD/GameDevProject4/Content/Collections/' took 0.01s
[2018.12.07-08.57.09:369][  0]LogCollectionManager: Rebuilt the GUID cache for 0 collections in 0.000001 seconds
[2018.12.07-08.57.09:378][  0]LogContentBrowser: Native class hierarchy populated in 0.0090 seconds. Added 2572 classes and 603 folders.
[2018.12.07-08.57.09:384][  0]LogContentBrowser: Native class hierarchy updated for 'WidgetCarousel' in 0.0002 seconds. Added 0 classes and 0 folders.
[2018.12.07-08.57.09:425][  0]LogContentBrowser: Native class hierarchy updated for 'AddContentDialog' in 0.0004 seconds. Added 0 classes and 0 folders.
[2018.12.07-08.57.09:429][  0]LogContentBrowser: Native class hierarchy updated for 'SceneOutliner' in 0.0002 seconds. Added 1 classes and 2 folders.
[2018.12.07-08.57.09:445][  0]LogSlate: Took 0.000188 seconds to synchronously load lazily loaded font '../../../Engine/Content/Slate/Fonts/Roboto-Regular.ttf' (155K)
[2018.12.07-08.57.09:447][  0]LogSlate: Took 0.000172 seconds to synchronously load lazily loaded font '../../../Engine/Content/Slate/Fonts/Roboto-Bold.ttf' (160K)
[2018.12.07-08.57.09:452][  0]LogSlate: Took 0.000227 seconds to synchronously load lazily loaded font '../../../Engine/Content/Editor/Slate/Fonts/FontAwesome.ttf' (139K)
[2018.12.07-08.57.09:543][  0]LogRenderer: Reallocating scene render targets to support 788x484 Format 9 NumSamples 1 (Frame:1).
[2018.12.07-08.57.09:750][  0]LogContentBrowser: Native class hierarchy updated for 'HierarchicalLODOutliner' in 0.0003 seconds. Added 0 classes and 0 folders.
[2018.12.07-08.57.09:750][  0]LogLoad: (Engine Initialization) Total time: 9.72 seconds
[2018.12.07-08.57.09:750][  0]LogLoad: (Engine Initialization) Total Blueprint compile time: 0.00 seconds
[2018.12.07-08.57.09:760][  0]LogWindowsTextInputMethodSystem: Display: IME system now deactivated.
[2018.12.07-08.57.09:780][  0]LogContentStreaming: Texture pool size now 800 MB
[2018.12.07-08.57.09:789][  0]LogSlate: FSceneViewport::OnFocusLost() reason 2
[2018.12.07-08.57.09:820][  0]LogSlate: Took 0.000155 seconds to synchronously load lazily loaded font '../../../Engine/Content/Slate/Fonts/Roboto-Light.ttf' (167K)
[2018.12.07-08.57.09:852][  1]LogAssetRegistry: Asset discovery search completed in 5.9582 seconds
[2018.12.07-08.57.09:853][  1]LogCollectionManager: Rebuilt the object cache for 0 collections in 0.000000 seconds (found 0 objects)
[2018.12.07-08.57.09:853][  1]LogCollectionManager: Fixed up redirectors for 0 collections in 0.000041 seconds (updated 0 objects)
[2018.12.07-08.57.20:732][241]LogSlate: FSceneViewport::OnFocusLost() reason 0
[2018.12.07-08.57.20:804][250]LogSlate: Window 'Message Log' being destroyed
[2018.12.07-08.57.20:811][250]LogSlate: Window 'Message Log' being destroyed
[2018.12.07-08.57.26:749][943]LogSlate: FSceneViewport::OnFocusLost() reason 0
[2018.12.07-08.58.28:400][ 97]LogSlate: Took 0.000211 seconds to synchronously load lazily loaded font '../../../Engine/Content/Slate/Fonts/Roboto-Light.ttf' (167K)
[2018.12.07-08.58.28:417][ 97]LogFactory: FactoryCreateFile: StaticMesh with ReimportFbxStaticMeshFactory (0 0 ../../../../../../Users/vescha/Documents/UnrealprojectGD/GameDevProject4/Content/lowpoplyart_assets/models/pathway.fbx)
[2018.12.07-08.58.28:434][ 97]LogFbx: Loading FBX Scene from ../../../../../../Users/vescha/Documents/UnrealprojectGD/GameDevProject4/Content/lowpoplyart_assets/models/pathway.fbx
[2018.12.07-08.58.28:452][ 97]LogFbx: FBX Scene Loaded Succesfully
[2018.12.07-08.58.47:110][ 97]LogSlate: Window 'FBX Import Options' being destroyed
[2018.12.07-08.58.47:265][ 97]LogFbx: Warning: Triangulating static mesh pCube40
[2018.12.07-08.58.47:284][ 97]LogStaticMesh: Building static mesh pathway...
[2018.12.07-08.58.47:305][ 97]LogStaticMesh: Built static mesh [0.02s] /Game/lowpoplyart_assets/models/pathway.pathway
[2018.12.07-08.58.57:428][905]LogSavePackage: Moving '../../../../../../Users/vescha/Documents/UnrealprojectGD/GameDevProject4/Saved/FirstPersonExampleMapE604A57843D1A4F1A45E9088A0B1B2DF.tmp' to '../../../../../../Users/vescha/Documents/UnrealprojectGD/GameDevProject4/Content/FirstPersonBP/Maps/FirstPersonExampleMap.umap'
[2018.12.07-08.59.00:672][905]LogSavePackage: Moving '../../../../../../Users/vescha/Documents/UnrealprojectGD/GameDevProject4/Saved/FirstPersonExampleMap_BuiltData29983CEC430227926E5CEFA91D2DE9D6.tmp' to '../../../../../../Users/vescha/Documents/UnrealprojectGD/GameDevProject4/Content/FirstPersonBP/Maps/FirstPersonExampleMap_BuiltData.uasset'
[2018.12.07-09.00.28:205][474]LogFactory: FactoryCreateFile: FileMediaSource with WmfFileMediaSourceFactory (0 0 ../../../../../../Users/vescha/Dropbox/Autumn.mp3)
[2018.12.07-09.00.29:282][579]LogAssetEditorManager: Opening Asset editor for FileMediaSource /Game/Audio/Autumn.Autumn
[2018.12.07-09.00.32:248][909]LogSlate: Window 'Autumn* - Generic Asset Editor' being destroyed
[2018.12.07-09.00.32:254][909]LogSlate: Window 'Autumn* - Generic Asset Editor' being destroyed
[2018.12.07-09.00.34:740][ 81]LogSlate: Window 'Delete Assets' being destroyed
[2018.12.07-09.02.51:775][166]LogFactory: FactoryCreateFile: FileMediaSource with AvfFileMediaSourceFactory (0 0 ../../../../../../Users/vescha/Dropbox/Autumn.mp3)
[2018.12.07-09.02.54:959][408]LogSlate: Window 'Delete Assets' being destroyed
[2018.12.07-09.03.13:076][824]LogFactory: FactoryCreateFile: FileMediaSource with AvfFileMediaSourceFactory (0 0 ../../../../../../Users/vescha/Dropbox/Autumn.mp3)
[2018.12.07-09.03.15:327][980]LogSlate: Window 'Delete Assets' being destroyed
[2018.12.07-09.04.45:322][171]LogFactory: FactoryCreateFile: FileMediaSource with WmfFileMediaSourceFactory (0 0 ../../../../../../Users/vescha/Documents/UnrealprojectGD/GameDevProject4/Content/Audio/Voice Lines/Forward Around.mp3)
[2018.12.07-09.04.48:124][384]LogSlate: Window 'Delete Assets' being destroyed
[2018.12.07-09.07.04:064][627]LogSlate: FSceneViewport::OnFocusLost() reason 0
[2018.12.07-09.07.54:318][264]LogActorFactory: Actor Factory created grass_cluster
[2018.12.07-09.07.55:068][347]LogSlate: FSceneViewport::OnFocusLost() reason 2
[2018.12.07-09.08.13:834][472]LogAssetEditorManager: Opening Asset editor for StaticMesh /Game/lowpoplyart_assets/models/grass_cluster.grass_cluster
[2018.12.07-09.08.29:684][898]LogSlate: Window 'grass_cluster*' being destroyed
[2018.12.07-09.08.29:688][898]LogSlate: Window 'grass_cluster*' being destroyed
[2018.12.07-09.09.09:451][315]LogSavePackage: Moving '../../../../../../Users/vescha/Documents/UnrealprojectGD/GameDevProject4/Saved/FirstPersonExampleMap_Auto174065D534A9B28B8A29DC392012D70CA.tmp' to '../../../../../../Users/vescha/Documents/UnrealprojectGD/GameDevProject4/Saved/Autosaves/Game/FirstPersonBP/Maps/FirstPersonExampleMap_Auto1.umap'
[2018.12.07-09.09.09:474][315]LogFileHelpers: Editor autosave (incl. sublevels) for '/Game/FirstPersonBP/Maps/FirstPersonExampleMap' took 8.222
[2018.12.07-09.09.09:474][315]LogFileHelpers: Editor autosave (incl. sublevels) for all levels took 8.222
[2018.12.07-09.09.09:484][315]OBJ SavePackage: Generating thumbnails for [1] asset(s) in package [/Game/lowpoplyart_assets/models/grass_cluster] ([1] browsable assets)...
[2018.12.07-09.09.09:554][315]OBJ SavePackage:     Rendered thumbnail for [StaticMesh /Game/lowpoplyart_assets/models/grass_cluster.grass_cluster]
[2018.12.07-09.09.09:554][315]OBJ SavePackage: Finished generating thumbnails for package [/Game/lowpoplyart_assets/models/grass_cluster]
[2018.12.07-09.09.09:707][315]LogSavePackage: Moving '../../../../../../Users/vescha/Documents/UnrealprojectGD/GameDevProject4/Saved/grass_cluster_Auto1BB9038F4457532024AA60A94572B0D97.tmp' to '../../../../../../Users/vescha/Documents/UnrealprojectGD/GameDevProject4/Saved/Autosaves/Game/lowpoplyart_assets/models/grass_cluster_Auto1.uasset'
[2018.12.07-09.09.09:715][315]OBJ SavePackage: Generating thumbnails for [1] asset(s) in package [/Game/lowpoplyart_assets/models/pathway] ([1] browsable assets)...
[2018.12.07-09.09.09:767][315]OBJ SavePackage:     Rendered thumbnail for [StaticMesh /Game/lowpoplyart_assets/models/pathway.pathway]
[2018.12.07-09.09.09:767][315]OBJ SavePackage: Finished generating thumbnails for package [/Game/lowpoplyart_assets/models/pathway]
[2018.12.07-09.09.09:839][315]LogSavePackage: Moving '../../../../../../Users/vescha/Documents/UnrealprojectGD/GameDevProject4/Saved/pathway_Auto1826B293F449E267AF21A22B23F4F805D.tmp' to '../../../../../../Users/vescha/Documents/UnrealprojectGD/GameDevProject4/Saved/Autosaves/Game/lowpoplyart_assets/models/pathway_Auto1.uasset'
[2018.12.07-09.09.09:843][315]LogFileHelpers: Auto-saving content packages took 0.362
[2018.12.07-09.09.30:296][420]LogSlate: FSceneViewport::OnFocusLost() reason 0
[2018.12.07-09.09.36:931][213]LogMaterial: Warning: Material /Game/lowpoplyart_assets/textures/grass_cluster/grassclustermat.grassclustermat needed to have new flag set bUsedWithInstancedStaticMeshes !
[2018.12.07-09.09.36:933][213]LogMaterial: Display: Missing cached shader map for material grassclustermat, compiling. 
[2018.12.07-09.09.36:994][214]LogShaderCompilers: Display: Shaders left to compile 43
[2018.12.07-09.09.36:994][214]LogShaderCompilers: Display: Shaders left to compile 33
[2018.12.07-09.09.36:994][214]LogShaderCompilers: Display: Shaders left to compile 23
[2018.12.07-09.09.36:994][214]LogShaderCompilers: Display: Shaders left to compile 13
[2018.12.07-09.09.37:514][273]LogEditorViewport: Clicking Background
[2018.12.07-09.09.40:740][591]LogShaderCompilers: Display: Shaders left to compile 3
[2018.12.07-09.09.50:164][676]LogSlate: FSceneViewport::OnFocusLost() reason 0
[2018.12.07-09.10.55:111][329]LogSlate: FSceneViewport::OnFocusLost() reason 0
[2018.12.07-09.11.00:478][879]LogAssetEditorManager: Opening Asset editor for StaticMesh /Game/lowpoplyart_assets/models/grass_cluster.grass_cluster
[2018.12.07-09.11.04:299][154]LogRenderer: Reallocating scene render targets to support 1144x708 Format 9 NumSamples 1 (Frame:238).
[2018.12.07-09.11.04:299][154]LogSlate: Took 0.000212 seconds to synchronously load lazily loaded font '../../../Engine/Content/Slate/Fonts/Roboto-Italic.ttf' (157K)
[2018.12.07-09.11.04:622][193]LogSlate: Window 'grass_cluster*' being destroyed
[2018.12.07-09.12.07:936][739]LogSlate: FSceneViewport::OnFocusLost() reason 0
[2018.12.07-09.12.17:642][563]LogSlate: FSceneViewport::OnFocusLost() reason 0
[2018.12.07-09.12.27:686][336]LogSlate: FSceneViewport::OnFocusLost() reason 0
[2018.12.07-09.13.25:585][281]LogSlate: FSceneViewport::OnFocusLost() reason 2
[2018.12.07-09.13.33:156][870]LogSlate: FSceneViewport::OnFocusLost() reason 0
[2018.12.07-09.13.48:778][ 33]LogEditorViewport: Clicking Background
[2018.12.07-09.13.49:064][ 49]LogEditorViewport: Clicking Background
[2018.12.07-09.13.54:834][359]LogSlate: FSceneViewport::OnFocusLost() reason 0
[2018.12.07-09.15.40:862][220]Cmd: TRANSACTION UNDO
[2018.12.07-09.15.40:862][220]LogEditorTransaction: Undo Foliage Editing
[2018.12.07-09.15.41:148][228]Cmd: TRANSACTION UNDO
[2018.12.07-09.15.41:148][228]LogEditorTransaction: Undo Foliage Editing
[2018.12.07-09.15.41:473][229]Cmd: TRANSACTION UNDO
[2018.12.07-09.15.41:473][229]LogEditorTransaction: Undo Foliage Editing
[2018.12.07-09.15.41:595][229]Cmd: TRANSACTION UNDO
[2018.12.07-09.15.41:595][229]LogEditorTransaction: Undo Foliage Editing
[2018.12.07-09.15.42:084][231]Cmd: TRANSACTION UNDO
[2018.12.07-09.15.42:084][231]LogEditorTransaction: Undo Foliage Editing
[2018.12.07-09.15.42:193][231]Cmd: TRANSACTION UNDO
[2018.12.07-09.15.42:193][231]LogEditorTransaction: Undo Foliage Editing
[2018.12.07-09.15.42:750][237]Cmd: TRANSACTION UNDO
[2018.12.07-09.15.42:750][237]LogEditorTransaction: Undo Foliage Editing
[2018.12.07-09.15.43:567][251]Cmd: TRANSACTION UNDO
[2018.12.07-09.15.43:567][251]LogEditorTransaction: Undo Foliage Editing
[2018.12.07-09.15.44:105][261]Cmd: TRANSACTION UNDO
[2018.12.07-09.15.44:106][261]LogEditorTransaction: Undo Foliage Editing
[2018.12.07-09.15.44:661][272]Cmd: TRANSACTION UNDO
[2018.12.07-09.15.44:661][272]LogEditorTransaction: Undo Foliage Editing
[2018.12.07-09.15.45:081][280]Cmd: TRANSACTION UNDO
[2018.12.07-09.15.45:081][280]LogEditorTransaction: Undo Foliage Editing
[2018.12.07-09.15.45:503][289]Cmd: TRANSACTION UNDO
[2018.12.07-09.15.45:503][289]LogEditorTransaction: Undo Foliage Editing
[2018.12.07-09.15.45:911][299]Cmd: TRANSACTION UNDO
[2018.12.07-09.15.45:911][299]LogEditorTransaction: Undo Foliage Editing
[2018.12.07-09.15.46:317][307]Cmd: TRANSACTION UNDO
[2018.12.07-09.15.46:317][307]LogEditorTransaction: Undo Foliage Editing
[2018.12.07-09.15.47:026][339]Cmd: TRANSACTION UNDO
[2018.12.07-09.15.47:026][339]LogEditorTransaction: Undo Edit Density / 1Kuu
[2018.12.07-09.15.47:549][360]Cmd: TRANSACTION UNDO
[2018.12.07-09.15.47:549][360]LogEditorTransaction: Undo Clicking Background
[2018.12.07-09.15.48:104][385]Cmd: TRANSACTION UNDO
[2018.12.07-09.15.48:104][385]LogEditorTransaction: Undo Foliage Editing
[2018.12.07-09.15.48:541][404]Cmd: TRANSACTION UNDO
[2018.12.07-09.15.48:541][404]LogEditorTransaction: Undo Clicking Background
[2018.12.07-09.15.48:905][416]Cmd: TRANSACTION UNDO
[2018.12.07-09.15.48:905][416]LogEditorTransaction: Undo Foliage Editing
[2018.12.07-09.15.49:308][432]Cmd: TRANSACTION UNDO
[2018.12.07-09.15.49:308][432]LogEditorTransaction: Undo Foliage Editing
[2018.12.07-09.15.49:741][445]Cmd: TRANSACTION UNDO
[2018.12.07-09.15.49:741][445]LogEditorTransaction: Undo Foliage Editing
[2018.12.07-09.15.50:184][464]Cmd: TRANSACTION UNDO
[2018.12.07-09.15.50:184][464]LogEditorTransaction: Undo Foliage Editing
[2018.12.07-09.15.50:517][473]Cmd: TRANSACTION UNDO
[2018.12.07-09.15.50:517][473]LogEditorTransaction: Undo Foliage Editing
[2018.12.07-09.15.51:560][526]Cmd: TRANSACTION UNDO
[2018.12.07-09.15.51:560][526]LogEditorTransaction: Undo Move Actors
[2018.12.07-09.15.51:902][527]Cmd: TRANSACTION UNDO
[2018.12.07-09.15.51:902][527]LogEditorTransaction: Undo Foliage Editing
[2018.12.07-09.15.52:242][528]Cmd: TRANSACTION UNDO
[2018.12.07-09.15.52:242][528]LogEditorTransaction: Undo Foliage Editing
[2018.12.07-09.15.52:575][529]Cmd: TRANSACTION UNDO
[2018.12.07-09.15.52:575][529]LogEditorTransaction: Undo Foliage Editing
[2018.12.07-09.15.53:286][554]Cmd: TRANSACTION UNDO
[2018.12.07-09.15.53:286][554]LogEditorTransaction: Undo Foliage Editing
[2018.12.07-09.15.53:673][563]Cmd: TRANSACTION UNDO
[2018.12.07-09.15.53:673][563]LogEditorTransaction: Undo Foliage Editing
[2018.12.07-09.15.54:476][609]Cmd: TRANSACTION UNDO
[2018.12.07-09.15.54:476][609]LogEditorTransaction: Undo Foliage Editing
[2018.12.07-09.15.55:102][637]Cmd: TRANSACTION UNDO
[2018.12.07-09.15.55:102][637]LogEditorTransaction: Undo Foliage Editing
[2018.12.07-09.16.03:405][447]LogSlate: FSceneViewport::OnFocusLost() reason 0
[2018.12.07-09.16.03:720][457]LogTexture: Display: Building textures: Texture2D_2 (G8, 128X128)
[2018.12.07-09.16.12:883][367]LogSlate: FSceneViewport::OnFocusLost() reason 2
[2018.12.07-09.17.01:898][760]LogSlate: FSceneViewport::OnFocusLost() reason 0
[2018.12.07-09.17.07:278][810]LogSavePackage: Moving '../../../../../../Users/vescha/Documents/UnrealprojectGD/GameDevProject4/Saved/FirstPersonExampleMap542AF63645379CF106FB44A940B0A6DA.tmp' to '../../../../../../Users/vescha/Documents/UnrealprojectGD/GameDevProject4/Content/FirstPersonBP/Maps/FirstPersonExampleMap.umap'
[2018.12.07-09.17.10:790][810]LogSavePackage: Moving '../../../../../../Users/vescha/Documents/UnrealprojectGD/GameDevProject4/Saved/FirstPersonExampleMap_BuiltDataE7A21C434AB6B37393BD9C90288CDBB4.tmp' to '../../../../../../Users/vescha/Documents/UnrealprojectGD/GameDevProject4/Content/FirstPersonBP/Maps/FirstPersonExampleMap_BuiltData.uasset'
[2018.12.07-09.17.33:510][170]LogSlate: FSceneViewport::OnFocusLost() reason 0
[2018.12.07-09.17.36:003][177]LogSavePackage: Moving '../../../../../../Users/vescha/Documents/UnrealprojectGD/GameDevProject4/Saved/FirstPersonExampleMap1C5E937C4CBFB763867F8F9E0BB05242.tmp' to '../../../../../../Users/vescha/Documents/UnrealprojectGD/GameDevProject4/Content/FirstPersonBP/Maps/FirstPersonExampleMap.umap'
[2018.12.07-09.17.40:368][177]LogSavePackage: Moving '../../../../../../Users/vescha/Documents/UnrealprojectGD/GameDevProject4/Saved/FirstPersonExampleMap_BuiltData84195F3C43805184331FAEA9B6F15BC9.tmp' to '../../../../../../Users/vescha/Documents/UnrealprojectGD/GameDevProject4/Content/FirstPersonBP/Maps/FirstPersonExampleMap_BuiltData.uasset'
[2018.12.07-09.18.30:708][481]LogSlate: FSceneViewport::OnFocusLost() reason 0
[2018.12.07-09.18.32:548][494]LogSlate: Window 'Save Content' being destroyed
[2018.12.07-09.18.32:561][494]LogSlate: FSceneViewport::OnFocusLost() reason 2
[2018.12.07-09.18.32:597][494]LogSavePackage: Moving '../../../../../../Users/vescha/Documents/UnrealprojectGD/GameDevProject4/Saved/grass_clusterE604F28A4D3EE79F2C1587B72E6A8CCE.tmp' to '../../../../../../Users/vescha/Documents/UnrealprojectGD/GameDevProject4/Content/lowpoplyart_assets/models/grass_cluster.uasset'
[2018.12.07-09.18.32:624][494]LogSavePackage: Moving '../../../../../../Users/vescha/Documents/UnrealprojectGD/GameDevProject4/Saved/pathwayABFC3D0E4A6A48C781F782BFB461557D.tmp' to '../../../../../../Users/vescha/Documents/UnrealprojectGD/GameDevProject4/Content/lowpoplyart_assets/models/pathway.uasset'
[2018.12.07-09.18.32:686][494]LogSavePackage: Moving '../../../../../../Users/vescha/Documents/UnrealprojectGD/GameDevProject4/Saved/grassclustermat02EA64834C020C016ACCC0917425C1DC.tmp' to '../../../../../../Users/vescha/Documents/UnrealprojectGD/GameDevProject4/Content/lowpoplyart_assets/textures/grass_cluster/grassclustermat.uasset'
[2018.12.07-09.18.32:807][494]LogSlate: Window 'GameDevProject4 - Unreal Editor' being destroyed
[2018.12.07-09.18.33:025][495]Cmd: QUIT_EDITOR
[2018.12.07-09.18.33:046][495]LogWindowsTextInputMethodSystem: Display: IME system now deactivated.
[2018.12.07-09.18.33:066][495]LogExit: Preparing to exit.
[2018.12.07-09.18.33:426][495]LogExit: Editor shut down
[2018.12.07-09.18.33:426][495]LogExit: Transaction tracking system shut down
[2018.12.07-09.18.34:030][495]LogExit: Object subsystem successfully closed.
[2018.12.07-09.18.34:079][495]LogShaderCompilers: Display: Shaders left to compile 0
[2018.12.07-09.18.34:087][495]LogD3D11RHI: Shutdown
[2018.12.07-09.18.34:087][495]LogD3D11RHI: CleanupD3DDevice
[2018.12.07-09.18.34:095][495]LogD3D11RHI: ~FD3D11DynamicRHI
[2018.12.07-09.18.34:168][495]LogModuleManager: Shutting down and abandoning module StaticMeshEditor (616)
[2018.12.07-09.18.34:168][495]LogModuleManager: Shutting down and abandoning module HierarchicalLODUtilities (614)
[2018.12.07-09.18.34:168][495]LogModuleManager: Shutting down and abandoning module MeshBuilder (612)
[2018.12.07-09.18.34:168][495]LogModuleManager: Shutting down and abandoning module HierarchicalLODOutliner (610)
[2018.12.07-09.18.34:168][495]LogModuleManager: Shutting down and abandoning module SceneOutliner (608)
[2018.12.07-09.18.34:168][495]LogModuleManager: Shutting down and abandoning module AddContentDialog (606)
[2018.12.07-09.18.34:169][495]LogModuleManager: Shutting down and abandoning module WidgetCarousel (605)
[2018.12.07-09.18.34:169][495]LogModuleManager: Shutting down and abandoning module EditorWidgets (602)
[2018.12.07-09.18.34:169][495]LogModuleManager: Shutting down and abandoning module CollectionManager (600)
[2018.12.07-09.18.34:169][495]LogModuleManager: Shutting down and abandoning module StatsViewer (598)
[2018.12.07-09.18.34:169][495]LogModuleManager: Shutting down and abandoning module FoliageEdit (596)
[2018.12.07-09.18.34:169][495]LogModuleManager: Shutting down and abandoning module LandscapeEditor (594)
[2018.12.07-09.18.34:169][495]LogModuleManager: Shutting down and abandoning module MeshPaintMode (592)
[2018.12.07-09.18.34:169][495]LogModuleManager: Shutting down and abandoning module SceneDepthPickerMode (590)
[2018.12.07-09.18.34:169][495]LogModuleManager: Shutting down and abandoning module ActorPickerMode (588)
[2018.12.07-09.18.34:169][495]LogModuleManager: Shutting down and abandoning module GeometryMode (586)
[2018.12.07-09.18.34:170][495]LogModuleManager: Shutting down and abandoning module TextureAlignMode (584)
[2018.12.07-09.18.34:170][495]LogModuleManager: Shutting down and abandoning module BspMode (582)
[2018.12.07-09.18.34:170][495]LogModuleManager: Shutting down and abandoning module PIEPreviewDeviceProfileSelector (580)
[2018.12.07-09.18.34:170][495]LogModuleManager: Shutting down and abandoning module SequenceRecorderSections (578)
[2018.12.07-09.18.34:170][495]LogModuleManager: Shutting down and abandoning module AutomationWorker (576)
[2018.12.07-09.18.34:170][495]LogModuleManager: Shutting down and abandoning module AudioCaptureEditor (574)
[2018.12.07-09.18.34:170][495]LogModuleManager: Shutting down and abandoning module SequenceRecorder (573)
[2018.12.07-09.18.34:170][495]LogModuleManager: Shutting down and abandoning module MatineeToLevelSequence (570)
[2018.12.07-09.18.34:170][495]LogModuleManager: Shutting down and abandoning module LevelSequenceEditor (568)
[2018.12.07-09.18.34:170][495]LogModuleManager: Shutting down and abandoning module PlacementMode (567)
[2018.12.07-09.18.34:171][495]LogModuleManager: Shutting down and abandoning module MaterialEditor (566)
[2018.12.07-09.18.34:171][495]LogModuleManager: Shutting down and abandoning module WmfMediaFactory (562)
[2018.12.07-09.18.34:171][495]LogModuleManager: Shutting down and abandoning module WmfMediaEditor (560)
[2018.12.07-09.18.34:171][495]LogModuleManager: Shutting down and abandoning module MediaPlayerEditor (558)
[2018.12.07-09.18.34:171][495]LogModuleManager: Shutting down and abandoning module OpenExrWrapper (556)
[2018.12.07-09.18.34:171][495]LogModuleManager: Shutting down and abandoning module ImgMediaFactory (554)
[2018.12.07-09.18.34:171][495]LogModuleManager: Shutting down and abandoning module ImgMediaEditor (552)
[2018.12.07-09.18.34:171][495]LogModuleManager: Shutting down and abandoning module AvfMediaFactory (550)
[2018.12.07-09.18.34:171][495]LogModuleManager: Shutting down and abandoning module AvfMediaEditor (548)
[2018.12.07-09.18.34:171][495]LogModuleManager: Shutting down and abandoning module AndroidMediaFactory (546)
[2018.12.07-09.18.34:172][495]LogModuleManager: Shutting down and abandoning module AndroidMediaEditor (544)
[2018.12.07-09.18.34:172][495]LogModuleManager: Shutting down and abandoning module MagicLeapCameraPreviewFactory (542)
[2018.12.07-09.18.34:172][495]LogModuleManager: Shutting down and abandoning module MagicLeapMediaFactory (540)
[2018.12.07-09.18.34:172][495]LogModuleManager: Shutting down and abandoning module MagicLeapMediaEditor (538)
[2018.12.07-09.18.34:172][495]LogModuleManager: Shutting down and abandoning module CharacterAI (536)
[2018.12.07-09.18.34:172][495]LogModuleManager: Shutting down and abandoning module SmartSnapping (534)
[2018.12.07-09.18.34:172][495]LogModuleManager: Shutting down and abandoning module SessionServices (532)
[2018.12.07-09.18.34:172][495]LogModuleManager: Shutting down and abandoning module ViewportSnapping (530)
[2018.12.07-09.18.34:172][495]LogModuleManager: Shutting down and abandoning module ViewportInteraction (528)
[2018.12.07-09.18.34:172][495]LogModuleManager: Shutting down and abandoning module ClothPainter (526)
[2018.12.07-09.18.34:172][495]LogModuleManager: Shutting down and abandoning module SkeletalMeshEditor (525)
[2018.12.07-09.18.34:172][495]LogModuleManager: Shutting down and abandoning module LogVisualizer (522)
[2018.12.07-09.18.34:173][495]LogModuleManager: Shutting down and abandoning module IntroTutorials (520)
[2018.12.07-09.18.34:173][495]LogModuleManager: Shutting down and abandoning module GameProjectGeneration (519)
[2018.12.07-09.18.34:173][495]LogModuleManager: Shutting down and abandoning module LuminPlatformEditor (516)
[2018.12.07-09.18.34:173][495]LogModuleManager: Shutting down and abandoning module IOSPlatformEditor (514)
[2018.12.07-09.18.34:173][495]LogModuleManager: Shutting down and abandoning module HTML5PlatformEditor (512)
[2018.12.07-09.18.34:173][495]LogModuleManager: Shutting down and abandoning module AndroidPlatformEditor (510)
[2018.12.07-09.18.34:173][495]LogModuleManager: Shutting down and abandoning module AndroidDeviceDetection (509)
[2018.12.07-09.18.34:729][495]LogModuleManager: Shutting down and abandoning module WindowsPlatformEditor (506)
[2018.12.07-09.18.34:730][495]LogModuleManager: Shutting down and abandoning module LuminRuntimeSettings (504)
[2018.12.07-09.18.34:730][495]LogModuleManager: Shutting down and abandoning module IOSRuntimeSettings (502)
[2018.12.07-09.18.34:730][495]LogModuleManager: Shutting down and abandoning module AndroidRuntimeSettings (500)
[2018.12.07-09.18.34:730][495]LogModuleManager: Shutting down and abandoning module InputBindingEditor (498)
[2018.12.07-09.18.34:730][495]LogModuleManager: Shutting down and abandoning module MergeActors (496)
[2018.12.07-09.18.34:730][495]LogModuleManager: Shutting down and abandoning module LocalizationDashboard (494)
[2018.12.07-09.18.34:730][495]LogModuleManager: Shutting down and abandoning module LocalizationService (493)
[2018.12.07-09.18.34:730][495]LogModuleManager: Shutting down and abandoning module HardwareTargeting (490)
[2018.12.07-09.18.34:730][495]LogModuleManager: Shutting down and abandoning module DeviceProfileEditor (488)
[2018.12.07-09.18.34:730][495]LogModuleManager: Shutting down and abandoning module UndoHistory (486)
[2018.12.07-09.18.34:730][495]LogModuleManager: Shutting down and abandoning module XmlParser (484)
[2018.12.07-09.18.34:730][495]LogModuleManager: Shutting down and abandoning module Blutility (482)
[2018.12.07-09.18.34:730][495]LogModuleManager: Shutting down and abandoning module ProjectSettingsViewer (480)
[2018.12.07-09.18.34:730][495]LogModuleManager: Shutting down and abandoning module ProjectTargetPlatformEditor (479)
[2018.12.07-09.18.34:730][495]LogModuleManager: Shutting down and abandoning module EditorSettingsViewer (476)
[2018.12.07-09.18.34:730][495]LogModuleManager: Shutting down and abandoning module SettingsEditor (474)
[2018.12.07-09.18.34:730][495]LogModuleManager: Shutting down and abandoning module ProjectLauncher (472)
[2018.12.07-09.18.34:730][495]LogModuleManager: Shutting down and abandoning module SessionFrontend (470)
[2018.12.07-09.18.34:731][495]LogModuleManager: Shutting down and abandoning module ProfilerClient (468)
[2018.12.07-09.18.34:731][495]LogModuleManager: Shutting down and abandoning module DeviceManager (466)
[2018.12.07-09.18.34:731][495]LogModuleManager: Shutting down and abandoning module TargetDeviceServices (465)
[2018.12.07-09.18.34:796][495]LogModuleManager: Shutting down and abandoning module AutomationController (462)
[2018.12.07-09.18.34:796][495]LogModuleManager: Shutting down and abandoning module AutomationWindow (460)
[2018.12.07-09.18.34:796][495]LogModuleManager: Shutting down and abandoning module Layers (458)
[2018.12.07-09.18.34:796][495]LogModuleManager: Shutting down and abandoning module ComponentVisualizers (456)
[2018.12.07-09.18.34:796][495]LogModuleManager: Shutting down and abandoning module DetailCustomizations (454)
[2018.12.07-09.18.34:796][495]LogModuleManager: Shutting down and abandoning module PackagesDialog (452)
[2018.12.07-09.18.34:796][495]LogModuleManager: Shutting down and abandoning module Persona (450)
[2018.12.07-09.18.34:796][495]LogModuleManager: Shutting down and abandoning module AdvancedPreviewScene (449)
[2018.12.07-09.18.34:796][495]LogModuleManager: Shutting down and abandoning module AnimGraph (447)
[2018.12.07-09.18.34:796][495]LogModuleManager: Shutting down and abandoning module Kismet (444)
[2018.12.07-09.18.34:797][495]LogModuleManager: Shutting down and abandoning module GraphEditor (442)
[2018.12.07-09.18.34:797][495]LogModuleManager: Shutting down and abandoning module ClassViewer (440)
[2018.12.07-09.18.34:797][495]LogModuleManager: Shutting down and abandoning module Toolbox (438)
[2018.12.07-09.18.34:797][495]LogModuleManager: Shutting down and abandoning module ModuleUI (436)
[2018.12.07-09.18.34:797][495]LogModuleManager: Shutting down and abandoning module MovieSceneTools (434)
[2018.12.07-09.18.34:797][495]LogModuleManager: Shutting down and abandoning module OutputLog (432)
[2018.12.07-09.18.34:797][495]LogModuleManager: Shutting down and abandoning module GammaUI (430)
[2018.12.07-09.18.34:797][495]LogModuleManager: Shutting down and abandoning module Documentation (428)
[2018.12.07-09.18.34:798][495]LogModuleManager: Shutting down and abandoning module MovieSceneTracks (426)
[2018.12.07-09.18.34:798][495]LogModuleManager: Shutting down and abandoning module MovieScene (424)
[2018.12.07-09.18.34:798][495]LogModuleManager: Shutting down and abandoning module StreamingPauseRendering (422)
[2018.12.07-09.18.34:798][495]LogModuleManager: Shutting down and abandoning module LauncherPlatform (420)
[2018.12.07-09.18.34:798][495]LogModuleManager: Shutting down and abandoning module AnalyticsET (418)
[2018.12.07-09.18.34:798][495]LogModuleManager: Shutting down and abandoning module PortalServices (416)
[2018.12.07-09.18.34:798][495]LogModuleManager: Shutting down and abandoning module PortalRpc (414)
[2018.12.07-09.18.34:798][495]LogModuleManager: Shutting down and abandoning module MessagingRpc (412)
[2018.12.07-09.18.34:798][495]LogModuleManager: Shutting down and abandoning module AIModule (410)
[2018.12.07-09.18.34:798][495]LogModuleManager: Shutting down and abandoning module GameplayDebugger (409)
[2018.12.07-09.18.34:798][495]LogModuleManager: Shutting down and abandoning module AITestSuite (407)
[2018.12.07-09.18.34:798][495]LogModuleManager: Shutting down and abandoning module NavigationSystem (405)
[2018.12.07-09.18.34:798][495]LogModuleManager: Shutting down and abandoning module DesktopPlatform (402)
[2018.12.07-09.18.34:798][495]LogModuleManager: Shutting down and abandoning module ProfilerService (400)
[2018.12.07-09.18.34:898][495]LogModuleManager: Shutting down and abandoning module TaskGraph (398)
[2018.12.07-09.18.34:898][495]LogModuleManager: Shutting down and abandoning module SteamVRController (396)
[2018.12.07-09.18.34:898][495]LogModuleManager: Shutting down and abandoning module ProceduralMeshComponentEditor (394)
[2018.12.07-09.18.34:898][495]LogModuleManager: Shutting down and abandoning module ProceduralMeshComponent (392)
[2018.12.07-09.18.34:898][495]LogModuleManager: Shutting down and abandoning module OculusInput (390)
[2018.12.07-09.18.34:898][495]LogModuleManager: Shutting down and abandoning module MobilePatchingUtils (388)
[2018.12.07-09.18.34:898][495]LogModuleManager: Shutting down and abandoning module EditableMesh (386)
[2018.12.07-09.18.34:898][495]LogModuleManager: Shutting down and abandoning module CustomMeshComponent (384)
[2018.12.07-09.18.34:898][495]LogModuleManager: Shutting down and abandoning module CableComponent (382)
[2018.12.07-09.18.34:898][495]LogModuleManager: Shutting down and abandoning module AudioCapture (380)
[2018.12.07-09.18.34:898][495]LogModuleManager: Shutting down and abandoning module ArchVisCharacter (378)
[2018.12.07-09.18.34:898][495]LogModuleManager: Shutting down and abandoning module AndroidPermission (376)
[2018.12.07-09.18.34:898][495]LogModuleManager: Shutting down and abandoning module NUTUnrealEngine4 (374)
[2018.12.07-09.18.34:898][495]LogModuleManager: Shutting down and abandoning module NetcodeUnitTest (372)
[2018.12.07-09.18.34:898][495]LogModuleManager: Shutting down and abandoning module MediaCompositingEditor (370)
[2018.12.07-09.18.34:898][495]LogModuleManager: Shutting down and abandoning module MediaCompositing (368)
[2018.12.07-09.18.34:898][495]LogModuleManager: Shutting down and abandoning module LinearTimecode (366)
[2018.12.07-09.18.34:898][495]LogModuleManager: Shutting down and abandoning module ImgMedia (364)
[2018.12.07-09.18.34:905][495]LogModuleManager: Shutting down and abandoning module HTML5Networking (362)
[2018.12.07-09.18.34:905][495]LogModuleManager: Shutting down and abandoning module GeometryCacheTracks (360)
[2018.12.07-09.18.34:905][495]LogModuleManager: Shutting down and abandoning module GeometryCacheSequencer (358)
[2018.12.07-09.18.34:905][495]LogModuleManager: Shutting down and abandoning module BackChannel (356)
[2018.12.07-09.18.34:905][495]LogModuleManager: Shutting down and abandoning module AppleVision (354)
[2018.12.07-09.18.34:905][495]LogModuleManager: Shutting down and abandoning module AppleImageUtils (352)
[2018.12.07-09.18.34:905][495]LogModuleManager: Shutting down and abandoning module AlembicImporter (350)
[2018.12.07-09.18.34:905][495]LogModuleManager: Shutting down and abandoning module AlembicLibrary (349)
[2018.12.07-09.18.34:905][495]LogModuleManager: Shutting down and abandoning module GeometryCache (348)
[2018.12.07-09.18.34:905][495]LogModuleManager: Shutting down and abandoning module GeometryCacheEd (347)
[2018.12.07-09.18.34:905][495]LogModuleManager: Shutting down and abandoning module DatasmithContentEditor (342)
[2018.12.07-09.18.34:905][495]LogModuleManager: Shutting down and abandoning module DatasmithContent (340)
[2018.12.07-09.18.34:906][495]LogModuleManager: Shutting down and abandoning module SpeedTreeImporter (338)
[2018.12.07-09.18.34:906][495]LogModuleManager: Shutting down and abandoning module PluginBrowser (336)
[2018.12.07-09.18.34:906][495]LogModuleManager: Shutting down and abandoning module MobileLauncherProfileWizard (334)
[2018.12.07-09.18.34:906][495]LogModuleManager: Shutting down and abandoning module PolygonModeling (332)
[2018.12.07-09.18.34:906][495]LogModuleManager: Shutting down and abandoning module MeshEditor (330)
[2018.12.07-09.18.34:906][495]LogModuleManager: Shutting down and abandoning module CryptoKeysOpenSSL (328)
[2018.12.07-09.18.34:906][495]LogModuleManager: Shutting down and abandoning module CryptoKeys (326)
[2018.12.07-09.18.34:907][495]LogModuleManager: Shutting down and abandoning module VisualStudioSourceCodeAccess (324)
[2018.12.07-09.18.34:907][495]LogModuleManager: Shutting down and abandoning module VisualStudioCodeSourceCodeAccess (322)
[2018.12.07-09.18.34:907][495]LogModuleManager: Shutting down and abandoning module UObjectPlugin (320)
[2018.12.07-09.18.34:907][495]LogModuleManager: Shutting down and abandoning module SubversionSourceControl (318)
[2018.12.07-09.18.34:907][495]LogModuleManager: Shutting down and abandoning module PerforceSourceControl (316)
[2018.12.07-09.18.34:907][495]LogModuleManager: Shutting down and abandoning module GitSourceControl (314)
[2018.12.07-09.18.34:907][495]LogModuleManager: Shutting down and abandoning module SourceControl (313)
[2018.12.07-09.18.34:907][495]LogModuleManager: Shutting down and abandoning module CLionSourceCodeAccess (310)
[2018.12.07-09.18.34:907][495]LogModuleManager: Shutting down and abandoning module LightPropagationVolumeEditor (308)
[2018.12.07-09.18.34:907][495]LogModuleManager: Shutting down and abandoning module PaperTiledImporter (306)
[2018.12.07-09.18.34:907][495]LogModuleManager: Shutting down and abandoning module PaperSpriteSheetImporter (304)
[2018.12.07-09.18.34:907][495]LogModuleManager: Shutting down and abandoning module Paper2DEditor (302)
[2018.12.07-09.18.34:907][495]LogModuleManager: Shutting down and abandoning module MeshPaint (301)
[2018.12.07-09.18.34:907][495]LogModuleManager: Shutting down and abandoning module RuntimePhysXCooking (298)
[2018.12.07-09.18.34:907][495]LogModuleManager: Shutting down and abandoning module PhysXVehiclesEditor (296)
[2018.12.07-09.18.34:907][495]LogModuleManager: Shutting down and abandoning module PhysXVehicles (294)
[2018.12.07-09.18.34:907][495]LogModuleManager: Shutting down and abandoning module OculusEditor (292)
[2018.12.07-09.18.34:907][495]LogModuleManager: Shutting down and abandoning module LocationServicesBPLibrary (290)
[2018.12.07-09.18.34:907][495]LogModuleManager: Shutting down and abandoning module ImmediatePhysicsEditor (288)
[2018.12.07-09.18.34:907][495]LogModuleManager: Shutting down and abandoning module ImmediatePhysics (286)
[2018.12.07-09.18.34:907][495]LogModuleManager: Shutting down and abandoning module ActorSequence (284)
[2018.12.07-09.18.34:907][495]LogModuleManager: Shutting down and abandoning module UdpMessaging (282)
[2018.12.07-09.18.35:009][495]LogModuleManager: Shutting down and abandoning module TcpMessaging (280)
[2018.12.07-09.18.35:110][495]LogModuleManager: Shutting down and abandoning module MagicLeapAudio (278)
[2018.12.07-09.18.35:110][495]LogModuleManager: Shutting down and abandoning module GameplayTagsEditor (276)
[2018.12.07-09.18.35:110][495]LogModuleManager: Shutting down and abandoning module FacialAnimationEditor (274)
[2018.12.07-09.18.35:110][495]LogModuleManager: Shutting down and abandoning module FacialAnimation (272)
[2018.12.07-09.18.35:110][495]LogModuleManager: Shutting down and abandoning module DataValidation (270)
[2018.12.07-09.18.35:110][495]LogModuleManager: Shutting down and abandoning module AssetManagerEditor (268)
[2018.12.07-09.18.35:110][495]LogModuleManager: Shutting down and abandoning module LevelEditor (267)
[2018.12.07-09.18.35:111][495]LogModuleManager: Shutting down and abandoning module PixelInspectorModule (266)
[2018.12.07-09.18.35:111][495]LogModuleManager: Shutting down and abandoning module CommonMenuExtensions (264)
[2018.12.07-09.18.35:112][495]LogModuleManager: Shutting down and abandoning module MainFrame (262)
[2018.12.07-09.18.35:112][495]LogModuleManager: Shutting down and abandoning module HotReload (261)
[2018.12.07-09.18.35:113][495]LogModuleManager: Shutting down and abandoning module ContentBrowser (257)
[2018.12.07-09.18.35:115][495]LogModuleManager: Shutting down and abandoning module TreeMap (255)
[2018.12.07-09.18.35:115][495]LogModuleManager: Shutting down and abandoning module LightPropagationVolumeRuntime (252)
[2018.12.07-09.18.35:115][495]LogModuleManager: Shutting down and abandoning module AISupportModule (250)
[2018.12.07-09.18.35:115][495]LogModuleManager: Shutting down and abandoning module Paper2D (248)
[2018.12.07-09.18.35:115][495]LogModuleManager: Shutting down and abandoning module WindowsMoviePlayer (246)
[2018.12.07-09.18.35:115][495]LogModuleManager: Shutting down and abandoning module WmfMedia (244)
[2018.12.07-09.18.35:117][495]LogModuleManager: Shutting down and abandoning module Media (243)
[2018.12.07-09.18.35:123][495]LogModuleManager: Shutting down and abandoning module PacketHandler (240)
[2018.12.07-09.18.35:123][495]LogModuleManager: Shutting down and abandoning module ClothingSystemEditor (238)
[2018.12.07-09.18.35:123][495]LogModuleManager: Shutting down and abandoning module ClothingSystemRuntime (236)
[2018.12.07-09.18.35:124][495]LogModuleManager: Shutting down and abandoning module MediaAssets (234)
[2018.12.07-09.18.35:124][495]LogModuleManager: Shutting down and abandoning module Overlay (232)
[2018.12.07-09.18.35:124][495]LogModuleManager: Shutting down and abandoning module OverlayEditor (231)
[2018.12.07-09.18.35:124][495]LogModuleManager: Shutting down and abandoning module VREditor (228)
[2018.12.07-09.18.35:124][495]LogModuleManager: Shutting down and abandoning module StringTableEditor (226)
[2018.12.07-09.18.35:124][495]LogModuleManager: Shutting down and abandoning module GameplayTasksEditor (224)
[2018.12.07-09.18.35:124][495]LogModuleManager: Shutting down and abandoning module BehaviorTreeEditor (222)
[2018.12.07-09.18.35:124][495]LogModuleManager: Shutting down and abandoning module FunctionalTesting (220)
[2018.12.07-09.18.35:124][495]LogModuleManager: Shutting down and abandoning module CollisionAnalyzer (218)
[2018.12.07-09.18.35:124][495]LogModuleManager: Shutting down and abandoning module WorkspaceMenuStructure (217)
[2018.12.07-09.18.35:124][495]LogModuleManager: Shutting down and abandoning module UMG (214)
[2018.12.07-09.18.35:124][495]LogModuleManager: Shutting down and abandoning module UMGEditor (213)
[2018.12.07-09.18.35:124][495]LogModuleManager: Shutting down and abandoning module Sequencer (212)
[2018.12.07-09.18.35:124][495]LogModuleManager: Shutting down and abandoning module MessageLog (209)
[2018.12.07-09.18.35:124][495]LogModuleManager: Shutting down and abandoning module SlateReflector (204)
[2018.12.07-09.18.35:124][495]LogModuleManager: Shutting down and abandoning module Slate (202)
[2018.12.07-09.18.35:124][495]LogModuleManager: Shutting down and abandoning module EditorStyle (200)
[2018.12.07-09.18.35:127][495]LogModuleManager: Shutting down and abandoning module MRMesh (198)
[2018.12.07-09.18.35:127][495]LogModuleManager: Shutting down and abandoning module SourceCodeAccess (196)
[2018.12.07-09.18.35:127][495]LogModuleManager: Shutting down and abandoning module HeadMountedDisplay (194)
[2018.12.07-09.18.35:127][495]LogModuleManager: Shutting down and abandoning module XAudio2 (192)
[2018.12.07-09.18.35:127][495]LogModuleManager: Shutting down and abandoning module Networking (190)
[2018.12.07-09.18.35:127][495]LogModuleManager: Shutting down and abandoning module Core (188)
[2018.12.07-09.18.35:127][495]LogModuleManager: Shutting down and abandoning module LevelSequence (186)
[2018.12.07-09.18.35:127][495]LogModuleManager: Shutting down and abandoning module KismetCompiler (184)
[2018.12.07-09.18.35:127][495]LogModuleManager: Shutting down and abandoning module MeshUtilities (182)
[2018.12.07-09.18.35:127][495]LogModuleManager: Shutting down and abandoning module MeshMergeUtilities (181)
[2018.12.07-09.18.35:127][495]LogModuleManager: Shutting down and abandoning module MeshReductionInterface (180)
[2018.12.07-09.18.35:127][495]LogModuleManager: Shutting down and abandoning module SimplygonSwarm (179)
[2018.12.07-09.18.35:127][495]LogModuleManager: Shutting down and abandoning module ProxyLODMeshReduction (177)
[2018.12.07-09.18.35:127][495]LogModuleManager: Shutting down and abandoning module SimplygonMeshReduction (175)
[2018.12.07-09.18.35:127][495]LogModuleManager: Shutting down and abandoning module QuadricMeshReduction (173)
[2018.12.07-09.18.35:127][495]LogModuleManager: Shutting down and abandoning module MaterialBaking (169)
[2018.12.07-09.18.35:127][495]LogModuleManager: Shutting down and abandoning module DirectoryWatcher (165)
[2018.12.07-09.18.35:127][495]LogModuleManager: Shutting down and abandoning module DerivedDataCache (162)
[2018.12.07-09.18.35:139][495]LogDerivedDataCache: Shutdown
[2018.12.07-09.18.35:139][495]LogModuleManager: Shutting down and abandoning module XGEController (160)
[2018.12.07-09.18.35:140][495]LogModuleManager: Shutting down and abandoning module TargetPlatform (158)
[2018.12.07-09.18.35:140][495]LogModuleManager: Shutting down and abandoning module VulkanShaderFormat (157)
[2018.12.07-09.18.35:140][495]LogModuleManager: Shutting down and abandoning module ShaderFormatVectorVM (155)
[2018.12.07-09.18.35:140][495]LogModuleManager: Shutting down and abandoning module ShaderFormatOpenGL (153)
[2018.12.07-09.18.35:140][495]LogModuleManager: Shutting down and abandoning module ShaderFormatD3D (151)
[2018.12.07-09.18.35:140][495]LogModuleManager: Shutting down and abandoning module MetalShaderFormat (149)
[2018.12.07-09.18.35:140][495]LogModuleManager: Shutting down and abandoning module TextureFormatUncompressed (147)
[2018.12.07-09.18.35:140][495]LogModuleManager: Shutting down and abandoning module TextureFormatPVR (145)
[2018.12.07-09.18.35:140][495]LogModuleManager: Shutting down and abandoning module TextureFormatDXT (143)
[2018.12.07-09.18.35:140][495]LogModuleManager: Shutting down and abandoning module TextureFormatIntelISPCTexComp (141)
[2018.12.07-09.18.35:140][495]LogModuleManager: Shutting down and abandoning module TextureFormatASTC (139)
[2018.12.07-09.18.35:140][495]LogModuleManager: Shutting down and abandoning module ImageWrapper (138)
[2018.12.07-09.18.35:140][495]LogModuleManager: Shutting down and abandoning module TextureFormatAndroid (135)
[2018.12.07-09.18.35:140][495]LogModuleManager: Shutting down and abandoning module AudioFormatOpus (133)
[2018.12.07-09.18.35:140][495]LogModuleManager: Shutting down and abandoning module AudioFormatOgg (131)
[2018.12.07-09.18.35:140][495]LogModuleManager: Shutting down and abandoning module AudioFormatADPCM (129)
[2018.12.07-09.18.35:140][495]LogModuleManager: Shutting down and abandoning module LuminTargetPlatform (127)
[2018.12.07-09.18.35:140][495]LogModuleManager: Shutting down and abandoning module LinuxTargetPlatform (125)
[2018.12.07-09.18.35:141][495]LogModuleManager: Shutting down and abandoning module LinuxServerTargetPlatform (123)
[2018.12.07-09.18.35:141][495]LogModuleManager: Shutting down and abandoning module LinuxNoEditorTargetPlatform (121)
[2018.12.07-09.18.35:141][495]LogModuleManager: Shutting down and abandoning module LinuxClientTargetPlatform (119)
[2018.12.07-09.18.35:141][495]LogModuleManager: Shutting down and abandoning module TVOSTargetPlatform (117)
[2018.12.07-09.18.35:142][495]LogModuleManager: Shutting down and abandoning module Messaging (115)
[2018.12.07-09.18.35:142][495]LogModuleManager: Shutting down and abandoning module IOSTargetPlatform (113)
[2018.12.07-09.18.35:143][495]LogModuleManager: Shutting down and abandoning module HTML5TargetPlatform (111)
[2018.12.07-09.18.35:143][495]LogModuleManager: Shutting down and abandoning module AndroidTargetPlatform (109)
[2018.12.07-09.18.35:152][495]LogModuleManager: Shutting down and abandoning module WindowsTargetPlatform (107)
[2018.12.07-09.18.35:152][495]LogModuleManager: Shutting down and abandoning module WindowsServerTargetPlatform (105)
[2018.12.07-09.18.35:152][495]LogModuleManager: Shutting down and abandoning module WindowsNoEditorTargetPlatform (103)
[2018.12.07-09.18.35:152][495]LogModuleManager: Shutting down and abandoning module WindowsClientTargetPlatform (101)
[2018.12.07-09.18.35:152][495]LogModuleManager: Shutting down and abandoning module MacTargetPlatform (99)
[2018.12.07-09.18.35:152][495]LogModuleManager: Shutting down and abandoning module MacServerTargetPlatform (97)
[2018.12.07-09.18.35:152][495]LogModuleManager: Shutting down and abandoning module MacNoEditorTargetPlatform (95)
[2018.12.07-09.18.35:152][495]LogModuleManager: Shutting down and abandoning module MacClientTargetPlatform (93)
[2018.12.07-09.18.35:152][495]LogModuleManager: Shutting down and abandoning module AllDesktopTargetPlatform (91)
[2018.12.07-09.18.35:152][495]LogModuleManager: Shutting down and abandoning module InputCore (88)
[2018.12.07-09.18.35:152][495]LogModuleManager: Shutting down and abandoning module Settings (86)
[2018.12.07-09.18.35:152][495]LogModuleManager: Shutting down and abandoning module PhysXCooking (84)
[2018.12.07-09.18.35:152][495]LogModuleManager: Shutting down and abandoning module SteamVR (82)
[2018.12.07-09.18.35:152][495]LogModuleManager: Shutting down and abandoning module OculusHMD (80)
[2018.12.07-09.18.35:152][495]LogModuleManager: Shutting down and abandoning module ExampleDeviceProfileSelector (78)
[2018.12.07-09.18.35:152][495]LogModuleManager: Shutting down and abandoning module LauncherChunkInstaller (76)
[2018.12.07-09.18.35:153][495]LogModuleManager: Shutting down and abandoning module OnlineBlueprintSupport (74)
[2018.12.07-09.18.35:153][495]LogModuleManager: Shutting down and abandoning module OnlineSubsystem (70)
[2018.12.07-09.18.35:154][495]LogModuleManager: Shutting down and abandoning module XMPP (65)
[2018.12.07-09.18.35:154][495]LogModuleManager: Shutting down and abandoning module WebSockets (64)
[2018.12.07-09.18.35:160][495]LogModuleManager: Shutting down and abandoning module HTTP (61)
[2018.12.07-09.18.35:160][495]LogHttp: Display: Http module shutting down, but needs to wait on 1 outstanding Http requests:
[2018.12.07-09.18.35:160][495]LogHttp: Display: 	verb=[POST] url=[https://datarouter.ol.epicgames.com/datarouter/api/v1/public/data?SessionID=%7B8D4F62DC-4377-3C00-CCC5-65A1595F1507%7D&AppID=UEEditor.Rocket.Release&AppVersion=4.20.3-4369336%2B%2B%2BUE4%2BRelease-4.20&UserID=37d42b4049903ac0c19541b65de8c823%7Cfe3e955b7e624cc8a682d158ddf537da%7C1120589a-56a0-404e-8701-f87a1986a670&AppEnvironment=datacollector-binary&UploadType=eteventstream] status=Processing
[2018.12.07-09.18.35:181][495]LogModuleManager: Shutting down and abandoning module SSL (60)
[2018.12.07-09.18.35:183][495]LogModuleManager: Shutting down and abandoning module MagicLeapEmulator (56)
[2018.12.07-09.18.35:183][495]LogModuleManager: Shutting down and abandoning module MagicLeapPrivileges (54)
[2018.12.07-09.18.35:183][495]LogModuleManager: Shutting down and abandoning module MagicLeapIdentity (52)
[2018.12.07-09.18.35:183][495]LogModuleManager: Shutting down and abandoning module MagicLeapHelperVulkan (50)
[2018.12.07-09.18.35:183][495]LogModuleManager: Shutting down and abandoning module MagicLeapHelperOpenGL (48)
[2018.12.07-09.18.35:183][495]LogModuleManager: Shutting down and abandoning module MagicLeapSecureStorage (46)
[2018.12.07-09.18.35:183][495]LogModuleManager: Shutting down and abandoning module MagicLeapGestures (44)
[2018.12.07-09.18.35:183][495]LogModuleManager: Shutting down and abandoning module MagicLeapEyeTracker (42)
[2018.12.07-09.18.35:183][495]LogModuleManager: Shutting down and abandoning module MagicLeapController (40)
[2018.12.07-09.18.35:183][495]LogSlate: Slate User Destroyed.  User Index 0, Is Virtual User: 0
[2018.12.07-09.18.35:185][495]LogModuleManager: Shutting down and abandoning module MagicLeap (38)
[2018.12.07-09.18.35:185][495]LogModuleManager: Shutting down and abandoning module AnimationModifiers (36)
[2018.12.07-09.18.35:185][495]LogModuleManager: Shutting down and abandoning module PropertyEditor (35)
[2018.12.07-09.18.35:185][495]LogModuleManager: Shutting down and abandoning module AudioEditor (32)
[2018.12.07-09.18.35:185][495]LogModuleManager: Shutting down and abandoning module TextureCompressor (30)
[2018.12.07-09.18.35:185][495]LogModuleManager: Shutting down and abandoning module ShaderCore (28)
[2018.12.07-09.18.35:186][495]LogModuleManager: Shutting down and abandoning module Landscape (26)
[2018.12.07-09.18.35:186][495]LogModuleManager: Shutting down and abandoning module SlateRHIRenderer (24)
[2018.12.07-09.18.35:186][495]LogModuleManager: Shutting down and abandoning module OpenGLDrv (22)
[2018.12.07-09.18.35:186][495]LogModuleManager: Shutting down and abandoning module D3D11RHI (20)
[2018.12.07-09.18.35:186][495]LogModuleManager: Shutting down and abandoning module AnimGraphRuntime (18)
[2018.12.07-09.18.35:186][495]LogModuleManager: Shutting down and abandoning module Renderer (16)
[2018.12.07-09.18.35:187][495]LogModuleManager: Shutting down and abandoning module Engine (14)
[2018.12.07-09.18.35:187][495]LogModuleManager: Shutting down and abandoning module CoreUObject (12)
[2018.12.07-09.18.35:187][495]LogModuleManager: Shutting down and abandoning module NetworkFile (10)
[2018.12.07-09.18.35:187][495]LogModuleManager: Shutting down and abandoning module CookedIterativeFile (8)
[2018.12.07-09.18.35:187][495]LogModuleManager: Shutting down and abandoning module StreamingFile (6)
[2018.12.07-09.18.35:187][495]LogModuleManager: Shutting down and abandoning module SandboxFile (4)
[2018.12.07-09.18.35:187][495]LogModuleManager: Shutting down and abandoning module PakFile (2)
[2018.12.07-09.18.35:199][495]LogExit: Exiting.
[2018.12.07-09.18.35:238][495]Log file closed, 12/07/18 04:18:35
