Log file open, 12/03/18 23:42:46
LogWindows: Failed to load 'aqProf.dll' (GetLastError=126)
LogWindows: File 'aqProf.dll' does not exist
LogWindows: Failed to load 'VSPerf140.dll' (GetLastError=126)
LogWindows: File 'VSPerf140.dll' does not exist
LogWindows: Failed to load 'VtuneApi.dll' (GetLastError=126)
LogWindows: File 'VtuneApi.dll' does not exist
LogWindows: Failed to load 'VtuneApi32e.dll' (GetLastError=126)
LogWindows: File 'VtuneApi32e.dll' does not exist
LogInit: Display: Running engine for game: GameDevProject4
LogPlatformFile: Not using cached read wrapper
LogTaskGraph: Started task graph with 5 named threads and 35 total threads with 3 sets of task threads.
LogStats: Stats thread started at 0.372261
LogD3D11RHI: Loaded GFSDK_Aftermath_Lib.x64.dll
LogICUInternationalization: Display: ICU TimeZone Detection - Raw Offset: -5:00, Platform Override: ''
LogPluginManager: Mounting plugin Paper2D
LogPluginManager: Mounting plugin AISupport
LogPluginManager: Mounting plugin LightPropagationVolume
LogPluginManager: Mounting plugin AssetManagerEditor
LogPluginManager: Mounting plugin CryptoKeys
LogPluginManager: Mounting plugin FacialAnimation
LogPluginManager: Mounting plugin MeshEditor
LogPluginManager: Mounting plugin DatasmithContent
LogPluginManager: Mounting plugin AlembicImporter
LogPluginManager: Mounting plugin AppleImageUtils
LogPluginManager: Mounting plugin AppleVision
LogPluginManager: Mounting plugin BackChannel
LogPluginManager: Mounting plugin CharacterAI
LogPluginManager: Mounting plugin GeometryCache
LogPluginManager: Mounting plugin HTML5Networking
LogPluginManager: Mounting plugin AvfMedia
LogPluginManager: Mounting plugin ImgMedia
LogPluginManager: Mounting plugin LinearTimecode
LogPluginManager: Mounting plugin MediaCompositing
LogPluginManager: Mounting plugin WmfMedia
LogPluginManager: Mounting plugin TcpMessaging
LogPluginManager: Mounting plugin UdpMessaging
LogPluginManager: Mounting plugin ActorSequence
LogPluginManager: Mounting plugin NetcodeUnitTest
LogPluginManager: Mounting plugin NUTUnrealEngine4
LogPluginManager: Mounting plugin OnlineSubsystem
LogPluginManager: Mounting plugin OnlineSubsystemNull
LogPluginManager: Mounting plugin OnlineSubsystemUtils
LogPluginManager: Mounting plugin LauncherChunkInstaller
LogPluginManager: Mounting plugin AndroidPermission
LogPluginManager: Mounting plugin ArchVisCharacter
LogPluginManager: Mounting plugin AudioCapture
LogPluginManager: Mounting plugin CableComponent
LogPluginManager: Mounting plugin CustomMeshComponent
LogPluginManager: Mounting plugin EditableMesh
LogPluginManager: Mounting plugin ExampleDeviceProfileSelector
LogPluginManager: Mounting plugin ImmediatePhysics
LogPluginManager: Mounting plugin LocationServicesBPLibrary
LogPluginManager: Mounting plugin MobilePatchingUtils
LogPluginManager: Mounting plugin OculusVR
LogPluginManager: Mounting plugin PhysXVehicles
LogPluginManager: Mounting plugin ProceduralMeshComponent
LogPluginManager: Mounting plugin RuntimePhysXCooking
LogPluginManager: Mounting plugin SteamVR
LogPluginManager: Mounting plugin WindowsMoviePlayer
LogStreaming: Display: Took  0.027s to configure plugins.
LogInit: Using libcurl 7.55.1-DEV
LogInit:  - built for x86_64-pc-win32
LogInit:  - supports SSL with OpenSSL/1.0.2h
LogInit:  - supports HTTP deflate (compression) using libz 1.2.8
LogInit:  - other features:
LogInit:      CURL_VERSION_SSL
LogInit:      CURL_VERSION_LIBZ
LogInit:      CURL_VERSION_IPV6
LogInit:      CURL_VERSION_ASYNCHDNS
LogInit:      CURL_VERSION_LARGEFILE
LogInit:      CURL_VERSION_IDN
LogInit:  CurlRequestOptions (configurable via config and command line):
LogInit:  - bVerifyPeer = false  - Libcurl will NOT verify peer certificate
LogInit:  - bUseHttpProxy = false  - Libcurl will NOT use HTTP proxy
LogInit:  - bDontReuseConnections = false  - Libcurl will reuse connections
LogInit:  - CertBundlePath = nullptr  - Libcurl will use whatever was configured at build time.
LogInit:  - MaxHostConnections = 16  - Libcurl will limit the number of connections to a host
LogInit:  - LocalHostAddr = Default
LogInit:  - BufferSize = 65536
LogInit: WinSock: version 1.1 (2.2), MaxSocks=32767, MaxUdp=65467
LogInit: Build: ++UE4+Release-4.20-CL-4369336
LogInit: Engine Version: 4.20.3-4369336+++UE4+Release-4.20
LogInit: Compatible Engine Version: 4.20.0-4212847+++UE4+Release-4.20
LogInit: Net CL: 4212847
LogInit: OS: Windows 10 (), CPU: Intel(R) Core(TM) i7-8700K CPU @ 3.70GHz, GPU: NVIDIA GeForce RTX 2080
LogInit: Compiled (64-bit): Sep 17 2018 12:36:23
LogInit: Compiled with Visual C++: 19.00.24215.01
LogInit: Build Configuration: Development
LogInit: Branch Name: ++UE4+Release-4.20
LogInit: Command Line:  
LogInit: Base Directory: D:/Game Dev1/UnrealprojectGD/GameDevProject4/Saved/StagedBuilds/WindowsNoEditor/Engine/Binaries/Win64/
LogInit: Installed Engine Build: 0
LogDevObjectVersion: Number of dev versions registered: 20
LogDevObjectVersion:   Dev-Blueprints (B0D832E4-1F89-4F0D-ACCF-7EB736FD4AA2): 10
LogDevObjectVersion:   Dev-Build (E1C64328-A22C-4D53-A36C-8E866417BD8C): 0
LogDevObjectVersion:   Dev-Core (375EC13C-06E4-48FB-B500-84F0262A717E): 2
LogDevObjectVersion:   Dev-Editor (E4B068ED-F494-42E9-A231-DA0B2E46BB41): 24
LogDevObjectVersion:   Dev-Framework (CFFC743F-43B0-4480-9391-14DF171D2073): 34
LogDevObjectVersion:   Dev-Mobile (B02B49B5-BB20-44E9-A304-32B752E40360): 2
LogDevObjectVersion:   Dev-Networking (A4E4105C-59A1-49B5-A7C5-40C4547EDFEE): 0
LogDevObjectVersion:   Dev-Online (39C831C9-5AE6-47DC-9A44-9C173E1C8E7C): 0
LogDevObjectVersion:   Dev-Physics (78F01B33-EBEA-4F98-B9B4-84EACCB95AA2): 0
LogDevObjectVersion:   Dev-Platform (6631380F-2D4D-43E0-8009-CF276956A95A): 0
LogDevObjectVersion:   Dev-Rendering (12F88B9F-8875-4AFC-A67C-D90C383ABD29): 26
LogDevObjectVersion:   Dev-Sequencer (7B5AE74C-D270-4C10-A958-57980B212A5A): 9
LogDevObjectVersion:   Dev-VR (D7296918-1DD6-4BDD-9DE2-64A83CC13884): 2
LogDevObjectVersion:   Dev-LoadTimes (C2A15278-BFE7-4AFE-6C17-90FF531DF755): 1
LogDevObjectVersion:   Private-Geometry (6EACA3D4-40EC-4CC1-B786-8BED09428FC5): 3
LogDevObjectVersion:   Dev-AnimPhys (29E575DD-E0A3-4627-9D10-D276232CDCEA): 17
LogDevObjectVersion:   Dev-ReflectionCapture (6B266CEC-1EC7-4B8F-A30B-E4D90942FC07): 1
LogDevObjectVersion:   Dev-Automation (0DF73D61-A23F-47EA-B727-89E90C41499A): 1
LogDevObjectVersion:   FortniteMain (601D1886-AC64-4F84-AA16-D3DE0DEAC7D6): 12
LogDevObjectVersion:   Dev-Enterprise (9DFFBCD6-494F-0158-E221-12823C92A888): 1
LogStreaming: Display: Took  0.000s to delete old logs.
LogInit: Presizing for max 2097152 objects, including 0 objects not considered by GC, pre-allocating 0 bytes for permanent pool.
LogStreaming: Display: Async Loading initialized: Event Driven Loader: true, Async Loading Thread: false, Async Post Load: true
LogInit: Object subsystem initialized
[2018.12.04-04.42.46:932][  0]LogInit: Selected Device Profile: [WindowsNoEditor]
[2018.12.04-04.42.46:932][  0]LogInit: Applying CVar settings loaded from the selected device profile: [WindowsNoEditor]
[2018.12.04-04.42.46:936][  0]LogHAL: Display: Platform has ~ 32 GB [34303426560 / 34359738368 / 32], which maps to Largest [LargestMinGB=32, LargerMinGB=12, DefaultMinGB=8, SmallerMinGB=6, SmallestMinGB=0)
[2018.12.04-04.42.46:936][  0]LogInit: Going up to parent DeviceProfile [Windows]
[2018.12.04-04.42.46:936][  0]LogInit: Setting Device Profile CVar: [[r.Vulkan.UseRealUBs:1]]
[2018.12.04-04.42.46:936][  0]LogInit: Going up to parent DeviceProfile []
[2018.12.04-04.42.46:936][  0]LogInit: Computer: ADAMZEALMONY-PC
[2018.12.04-04.42.46:936][  0]LogInit: User: 27215
[2018.12.04-04.42.46:936][  0]LogInit: CPU Page size=4096, Cores=6
[2018.12.04-04.42.46:936][  0]LogInit: High frequency timer resolution =10.000000 MHz
[2018.12.04-04.42.46:936][  0]LogMemory: Memory total: Physical=31.9GB (32GB approx)
[2018.12.04-04.42.46:936][  0]LogMemory: Platform Memory Stats for WindowsNoEditor
[2018.12.04-04.42.46:936][  0]LogMemory: Process Physical Memory: 54.31 MB used, 54.32 MB peak
[2018.12.04-04.42.46:936][  0]LogMemory: Process Virtual Memory: 65.34 MB used, 65.34 MB peak
[2018.12.04-04.42.46:936][  0]LogMemory: Physical Memory: 9191.23 MB used,  23523.06 MB free, 32714.30 MB total
[2018.12.04-04.42.46:936][  0]LogMemory: Virtual Memory: 4441.71 MB used,  23523.06 MB free, 134217728.00 MB total
[2018.12.04-04.42.46:954][  0]LogInit: Using OS detected language (en-US).
[2018.12.04-04.42.46:954][  0]LogInit: Using OS detected locale (en-US).
[2018.12.04-04.42.46:954][  0]LogTextLocalizationManager: No specific localization for 'en-US' exists, so the 'en' localization will be used.
[2018.12.04-04.42.46:971][  0]LogStreaming: Display: Took  0.017s to InitEngineTextLocalization.
[2018.12.04-04.42.46:987][  0]LogSlate: New Slate User Created.  User Index 0, Is Virtual User: 0
[2018.12.04-04.42.46:987][  0]LogSlate: Slate User Registered.  User Index 0, Is Virtual User: 0
[2018.12.04-04.42.46:993][  0]LogHMD: Failed to initialize OpenVR with code 110
[2018.12.04-04.42.46:993][  0]LogD3D11RHI: D3D11 adapters:
[2018.12.04-04.42.47:547][  0]LogD3D11RHI:    0. 'NVIDIA GeForce RTX 2080' (Feature Level 11_0)
[2018.12.04-04.42.47:547][  0]LogD3D11RHI:       8010/0/16357 MB DedicatedVideo/DedicatedSystem/SharedSystem, Outputs:1, VendorId:0x10de
[2018.12.04-04.42.47:549][  0]LogD3D11RHI:    1. 'Microsoft Basic Render Driver' (Feature Level 11_0)
[2018.12.04-04.42.47:549][  0]LogD3D11RHI:       0/0/16357 MB DedicatedVideo/DedicatedSystem/SharedSystem, Outputs:0, VendorId:0x1414
[2018.12.04-04.42.47:549][  0]LogD3D11RHI: Chosen D3D11 Adapter: 0
[2018.12.04-04.42.47:556][  0]LogD3D11RHI: Creating new Direct3DDevice
[2018.12.04-04.42.47:556][  0]LogD3D11RHI:     GPU DeviceId: 0x1e87 (for the marketing name, search the web for "GPU Device Id")
[2018.12.04-04.42.47:556][  0]LogWindows: EnumDisplayDevices:
[2018.12.04-04.42.47:556][  0]LogWindows:    0. 'NVIDIA GeForce RTX 2080' (P:1 D:1)
[2018.12.04-04.42.47:556][  0]LogWindows:    1. 'NVIDIA GeForce RTX 2080' (P:0 D:0)
[2018.12.04-04.42.47:556][  0]LogWindows:    2. 'NVIDIA GeForce RTX 2080' (P:0 D:0)
[2018.12.04-04.42.47:557][  0]LogWindows:    3. 'NVIDIA GeForce RTX 2080' (P:0 D:0)
[2018.12.04-04.42.47:557][  0]LogWindows: DebugString: FoundDriverCount:4 
[2018.12.04-04.42.47:557][  0]LogD3D11RHI:     Adapter Name: NVIDIA GeForce RTX 2080
[2018.12.04-04.42.47:557][  0]LogD3D11RHI:   Driver Version: 417.01 (internal:25.21.14.1701, unified:417.01)
[2018.12.04-04.42.47:557][  0]LogD3D11RHI:      Driver Date: 11-15-2018
[2018.12.04-04.42.47:557][  0]LogRHI: Texture pool is 5607 MB (70% of 8010 MB)
[2018.12.04-04.42.47:597][  0]LogD3D11RHI: Async texture creation enabled
[2018.12.04-04.42.47:617][  0]LogD3D11RHI: GPU Timing Frequency: 1000.000000 (Debug: 2 2)
[2018.12.04-04.42.47:660][  0]LogShaderLibrary: Display: Failed to load Shared Shader Library: Global and no native library supported.
[2018.12.04-04.42.47:660][  0]LogShaderLibrary: Display: Failed to load Shared Shader Library: Global_SC and no native library supported.
[2018.12.04-04.42.47:660][  0]LogShaderLibrary: Display: Failed to load Shared Shader Library: Paper2D and no native library supported.
[2018.12.04-04.42.47:660][  0]LogShaderLibrary: Display: Failed to load Shared Shader Library: Paper2D_SC and no native library supported.
[2018.12.04-04.42.47:660][  0]LogShaderLibrary: Display: Failed to load Shared Shader Library: Paper2D and no native library supported.
[2018.12.04-04.42.47:660][  0]LogShaderLibrary: Display: Failed to load Shared Shader Library: Paper2D_SC and no native library supported.
[2018.12.04-04.42.47:660][  0]LogShaderLibrary: Display: Failed to load Shared Shader Library: CryptoKeys and no native library supported.
[2018.12.04-04.42.47:660][  0]LogShaderLibrary: Display: Failed to load Shared Shader Library: CryptoKeys_SC and no native library supported.
[2018.12.04-04.42.47:660][  0]LogShaderLibrary: Display: Failed to load Shared Shader Library: CryptoKeys and no native library supported.
[2018.12.04-04.42.47:660][  0]LogShaderLibrary: Display: Failed to load Shared Shader Library: CryptoKeys_SC and no native library supported.
[2018.12.04-04.42.47:660][  0]LogShaderLibrary: Display: Failed to load Shared Shader Library: MeshEditor and no native library supported.
[2018.12.04-04.42.47:660][  0]LogShaderLibrary: Display: Failed to load Shared Shader Library: MeshEditor_SC and no native library supported.
[2018.12.04-04.42.47:660][  0]LogShaderLibrary: Display: Failed to load Shared Shader Library: MeshEditor and no native library supported.
[2018.12.04-04.42.47:660][  0]LogShaderLibrary: Display: Failed to load Shared Shader Library: MeshEditor_SC and no native library supported.
[2018.12.04-04.42.47:661][  0]LogShaderLibrary: Display: Failed to load Shared Shader Library: DatasmithContent and no native library supported.
[2018.12.04-04.42.47:661][  0]LogShaderLibrary: Display: Failed to load Shared Shader Library: DatasmithContent_SC and no native library supported.
[2018.12.04-04.42.47:661][  0]LogShaderLibrary: Display: Failed to load Shared Shader Library: DatasmithContent and no native library supported.
[2018.12.04-04.42.47:661][  0]LogShaderLibrary: Display: Failed to load Shared Shader Library: DatasmithContent_SC and no native library supported.
[2018.12.04-04.42.47:661][  0]LogShaderLibrary: Display: Failed to load Shared Shader Library: MediaCompositing and no native library supported.
[2018.12.04-04.42.47:661][  0]LogShaderLibrary: Display: Failed to load Shared Shader Library: MediaCompositing_SC and no native library supported.
[2018.12.04-04.42.47:661][  0]LogShaderLibrary: Display: Failed to load Shared Shader Library: MediaCompositing and no native library supported.
[2018.12.04-04.42.47:661][  0]LogShaderLibrary: Display: Failed to load Shared Shader Library: MediaCompositing_SC and no native library supported.
[2018.12.04-04.42.47:661][  0]LogShaderLibrary: Display: Failed to load Shared Shader Library: OculusVR and no native library supported.
[2018.12.04-04.42.47:661][  0]LogShaderLibrary: Display: Failed to load Shared Shader Library: OculusVR_SC and no native library supported.
[2018.12.04-04.42.47:661][  0]LogShaderLibrary: Display: Failed to load Shared Shader Library: OculusVR and no native library supported.
[2018.12.04-04.42.47:661][  0]LogShaderLibrary: Display: Failed to load Shared Shader Library: OculusVR_SC and no native library supported.
[2018.12.04-04.42.47:661][  0]LogShaderLibrary: Display: Failed to load Shared Shader Library: SteamVR and no native library supported.
[2018.12.04-04.42.47:661][  0]LogShaderLibrary: Display: Failed to load Shared Shader Library: SteamVR_SC and no native library supported.
[2018.12.04-04.42.47:661][  0]LogShaderLibrary: Display: Failed to load Shared Shader Library: SteamVR and no native library supported.
[2018.12.04-04.42.47:661][  0]LogShaderLibrary: Display: Failed to load Shared Shader Library: SteamVR_SC and no native library supported.
[2018.12.04-04.42.47:661][  0]LogRHI: Display: Failed to open default shader pipeline cache for GameDevProject4 using shader platform 0.
[2018.12.04-04.42.47:661][  0]LogRHI: Display: Failed to open default shader pipeline cache for GameDevProject4 using shader platform 0.
[2018.12.04-04.42.47:672][  0]LogMaterial: Verifying Global Shaders for PCD3D_SM5
[2018.12.04-04.42.47:695][  0]LogSlate: Using FreeType 2.6.0
[2018.12.04-04.42.47:695][  0]LogSlate: SlateFontServices - WITH_FREETYPE: 1, WITH_HARFBUZZ: 1
[2018.12.04-04.42.47:725][  0]LogShaderLibrary: Display: Failed to load Shared Shader Library: GameDevProject4 and no native library supported.
[2018.12.04-04.42.47:725][  0]LogShaderLibrary: Display: Failed to load Shared Shader Library: GameDevProject4_SC and no native library supported.
[2018.12.04-04.42.47:725][  0]LogRHI: Display: Failed to open default shader pipeline cache for GameDevProject4 using shader platform 0.
[2018.12.04-04.42.47:725][  0]LogShaderLibrary: Display: Failed to load Shared Shader Library: GameDevProject4 and no native library supported.
[2018.12.04-04.42.47:725][  0]LogShaderLibrary: Display: Failed to load Shared Shader Library: GameDevProject4_SC and no native library supported.
[2018.12.04-04.42.47:726][  0]LogRHI: Display: Failed to open default shader pipeline cache for GameDevProject4 using shader platform 0.
[2018.12.04-04.42.47:726][  0]LogInit: Using OS detected language (en-US).
[2018.12.04-04.42.47:726][  0]LogInit: Using OS detected locale (en-US).
[2018.12.04-04.42.47:726][  0]LogTextLocalizationManager: No localization for 'en-US' exists, so 'en' will be used for the language.
[2018.12.04-04.42.47:726][  0]LogTextLocalizationManager: No localization for 'en-US' exists, so 'en' will be used for the locale.
[2018.12.04-04.42.47:740][  0]LogStreaming: Display: Took  0.014s to InitGameTextLocalization.
[2018.12.04-04.42.47:749][  0]LogAssetRegistry: FAssetRegistry took 0.0087 seconds to start up
[2018.12.04-04.42.47:817][  0]LogStreaming: Display: Flushing async loaders.
[2018.12.04-04.42.47:822][  0]LogPackageLocalizationCache: Processed 9 localized package path(s) for 1 prioritized culture(s) in 0.004997 seconds
[2018.12.04-04.42.47:823][  0]LogInit: Selected Device Profile: [WindowsNoEditor]
[2018.12.04-04.42.47:832][  0]LogNetVersion: GameDevProject4 1.0.0, NetCL: 4212847, EngineNetVer: 5, GameNetVer: 0 (Checksum: 3206728263)
[2018.12.04-04.42.48:022][  0]LogMoviePlayer: Initializing movie player
[2018.12.04-04.42.48:100][  0]LogSlate: Slate font cache was flushed
[2018.12.04-04.42.48:189][  0]LogAndroidPermission: UAndroidPermissionCallbackProxy::GetInstance
[2018.12.04-04.42.48:189][  0]LogOcInput: OculusInput pre-init called
[2018.12.04-04.42.48:192][  0]LogUObjectArray: 33875 objects as part of root set at end of initial load.
[2018.12.04-04.42.48:192][  0]LogUObjectAllocator: 5085280 out of 0 bytes used by permanent object pool.
[2018.12.04-04.42.48:192][  0]LogUObjectArray: CloseDisregardForGC: 0/0 objects in disregard for GC pool
[2018.12.04-04.42.48:204][  0]LogEngine: Initializing Engine...
[2018.12.04-04.42.48:204][  0]LogHMD: Failed to initialize OpenVR with code 110
[2018.12.04-04.42.48:216][  0]LogStats: UGameplayTagsManager::ConstructGameplayTagTree: ImportINI prefixes -  0.000 s
[2018.12.04-04.42.48:216][  0]LogStats: UGameplayTagsManager::ConstructGameplayTagTree: Construct from data asset -  0.000 s
[2018.12.04-04.42.48:216][  0]LogStats: UGameplayTagsManager::ConstructGameplayTagTree: ImportINI -  0.000 s
[2018.12.04-04.42.48:216][  0]LogStats: UGameplayTagsManager::ConstructGameplayTagTree: GameplayTagTreeChangedEvent.Broadcast -  0.000 s
[2018.12.04-04.42.48:272][  0]LogInit: Initializing FReadOnlyCVARCache
[2018.12.04-04.42.48:320][  0]LogInit: XAudio2 using 'Speakers (Realtek High Definition Audio)' : 2 channels at 48 kHz using 32 bits per sample (channel mask 0x3)
[2018.12.04-04.42.48:344][  0]LogInit: FAudioDevice initialized.
[2018.12.04-04.42.48:355][  0]LogNetVersion: Set ProjectVersion to 1.0.0.0. Version Checksum will be recalculated on next use.
[2018.12.04-04.42.48:355][  0]LogInit: Texture streaming: Enabled
[2018.12.04-04.42.48:357][  0]LogSlate: Updating window title bar state: overlay mode, drag disabled, window buttons hidden, title bar hidden
[2018.12.04-04.42.48:357][  0]LogInit: Display: Game Engine Initialized.
[2018.12.04-04.42.48:357][  0]LogGameplayTags: Display: UGameplayTagsManager::DoneAddingNativeTags. DelegateIsBound: 0
[2018.12.04-04.42.48:357][  0]LogStats: UGameplayTagsManager::ConstructGameplayTagTree: ImportINI prefixes -  0.000 s
[2018.12.04-04.42.48:357][  0]LogStats: UGameplayTagsManager::ConstructGameplayTagTree: Construct from data asset -  0.000 s
[2018.12.04-04.42.48:357][  0]LogStats: UGameplayTagsManager::ConstructGameplayTagTree: ImportINI -  0.000 s
[2018.12.04-04.42.48:357][  0]LogStats: UGameplayTagsManager::ConstructGameplayTagTree: GameplayTagTreeChangedEvent.Broadcast -  0.000 s
[2018.12.04-04.42.48:363][  0]LogInit: Display: Starting Game.
[2018.12.04-04.42.48:364][  0]LogNet: Browse: /Game/FirstPersonBP/Maps/FirstPersonExampleMap?Name=Player
[2018.12.04-04.42.48:364][  0]LogLoad: LoadMap: /Game/FirstPersonBP/Maps/FirstPersonExampleMap?Name=Player
[2018.12.04-04.42.48:423][  0]LogAIModule: Creating AISystem for world FirstPersonExampleMap
[2018.12.04-04.42.48:423][  0]LogLoad: Game class is 'FirstPersonGameMode_C'
[2018.12.04-04.42.48:426][  0]LogWorld: Bringing World /Game/FirstPersonBP/Maps/FirstPersonExampleMap.FirstPersonExampleMap up for play (max tick rate 0) at 2018.12.03-23.42.48
[2018.12.04-04.42.48:426][  0]LogWorld: Bringing up level for play took: 0.002154
[2018.12.04-04.42.48:427][  0]LogLoad: Took 0.063176 seconds to LoadMap(/Game/FirstPersonBP/Maps/FirstPersonExampleMap)
[2018.12.04-04.42.48:464][  0]LogRenderer: Reallocating scene render targets to support 1920x1080 Format 10 NumSamples 1 (Frame:1).
[2018.12.04-04.42.48:464][  0]LogLoad: (Engine Initialization) Total time: 2.20 seconds
[2018.12.04-04.42.48:507][  0]LogContentStreaming: Texture pool size now 1000 MB
[2018.12.04-04.42.52:858][269]LogSlate: Request Window 'GameDevProject4 (64-bit Development PCD3D_SM5) ' being destroyed
[2018.12.04-04.42.52:887][269]LogSlate: Window 'GameDevProject4 (64-bit Development PCD3D_SM5) ' being destroyed
[2018.12.04-04.42.52:893][269]LogSlate: Updating window title bar state: overlay mode, drag disabled, window buttons hidden, title bar hidden
[2018.12.04-04.42.52:893][269]LogEngine: All Windows Closed
[2018.12.04-04.42.52:893][269]LogWindows: FPlatformMisc::RequestExit(0)
[2018.12.04-04.42.53:219][270]LogSlate: Slate User Destroyed.  User Index 0, Is Virtual User: 0
[2018.12.04-04.42.53:220][270]LogExit: Preparing to exit.
[2018.12.04-04.42.53:220][270]LogMoviePlayer: Shutting down movie player
[2018.12.04-04.42.53:222][270]LogSlate: Updating window title bar state: overlay mode, drag disabled, window buttons hidden, title bar hidden
[2018.12.04-04.42.53:224][270]LogExit: Game engine shut down
[2018.12.04-04.42.53:250][270]LogExit: Object subsystem successfully closed.
[2018.12.04-04.42.53:260][270]LogD3D11RHI: Shutdown
[2018.12.04-04.42.53:260][270]LogD3D11RHI: CleanupD3DDevice
[2018.12.04-04.42.53:261][270]LogD3D11RHI: ~FD3D11DynamicRHI
[2018.12.04-04.42.53:261][270]LogModuleManager: Shutting down and abandoning module AutomationController (186)
[2018.12.04-04.42.53:261][270]LogModuleManager: Shutting down and abandoning module AutomationWorker (184)
[2018.12.04-04.42.53:261][270]LogModuleManager: Shutting down and abandoning module Voice (182)
[2018.12.04-04.42.53:261][270]LogModuleManager: Shutting down and abandoning module AIModule (180)
[2018.12.04-04.42.53:261][270]LogModuleManager: Shutting down and abandoning module GameplayDebugger (179)
[2018.12.04-04.42.53:261][270]LogModuleManager: Shutting down and abandoning module NavigationSystem (177)
[2018.12.04-04.42.53:261][270]LogModuleManager: Shutting down and abandoning module WmfMediaFactory (174)
[2018.12.04-04.42.53:261][270]LogModuleManager: Shutting down and abandoning module OpenExrWrapper (172)
[2018.12.04-04.42.53:261][270]LogModuleManager: Shutting down and abandoning module ImgMediaFactory (170)
[2018.12.04-04.42.53:261][270]LogModuleManager: Shutting down and abandoning module AvfMediaFactory (168)
[2018.12.04-04.42.53:261][270]LogModuleManager: Shutting down and abandoning module CharacterAI (166)
[2018.12.04-04.42.53:261][270]LogModuleManager: Shutting down and abandoning module SessionServices (164)
[2018.12.04-04.42.53:261][270]LogModuleManager: Shutting down and abandoning module MovieSceneTracks (162)
[2018.12.04-04.42.53:261][270]LogModuleManager: Shutting down and abandoning module MovieScene (160)
[2018.12.04-04.42.53:261][270]LogModuleManager: Shutting down and abandoning module StreamingPauseRendering (158)
[2018.12.04-04.42.53:261][270]LogModuleManager: Shutting down and abandoning module ProfilerService (156)
[2018.12.04-04.42.53:451][270]LogModuleManager: Shutting down and abandoning module TaskGraph (154)
[2018.12.04-04.42.53:451][270]LogModuleManager: Shutting down and abandoning module SteamVRController (152)
[2018.12.04-04.42.53:451][270]LogModuleManager: Shutting down and abandoning module ProceduralMeshComponent (150)
[2018.12.04-04.42.53:451][270]LogModuleManager: Shutting down and abandoning module OculusInput (148)
[2018.12.04-04.42.53:451][270]LogModuleManager: Shutting down and abandoning module MobilePatchingUtils (146)
[2018.12.04-04.42.53:451][270]LogModuleManager: Shutting down and abandoning module EditableMesh (144)
[2018.12.04-04.42.53:451][270]LogModuleManager: Shutting down and abandoning module CustomMeshComponent (142)
[2018.12.04-04.42.53:451][270]LogModuleManager: Shutting down and abandoning module CableComponent (140)
[2018.12.04-04.42.53:451][270]LogModuleManager: Shutting down and abandoning module AudioCapture (138)
[2018.12.04-04.42.53:451][270]LogModuleManager: Shutting down and abandoning module ArchVisCharacter (136)
[2018.12.04-04.42.53:451][270]LogModuleManager: Shutting down and abandoning module AndroidPermission (134)
[2018.12.04-04.42.53:451][270]LogModuleManager: Shutting down and abandoning module MediaCompositing (132)
[2018.12.04-04.42.53:451][270]LogModuleManager: Shutting down and abandoning module LinearTimecode (130)
[2018.12.04-04.42.53:451][270]LogModuleManager: Shutting down and abandoning module ImgMedia (128)
[2018.12.04-04.42.53:451][270]LogModuleManager: Shutting down and abandoning module HTML5Networking (126)
[2018.12.04-04.42.53:451][270]LogModuleManager: Shutting down and abandoning module GeometryCacheTracks (124)
[2018.12.04-04.42.53:451][270]LogModuleManager: Shutting down and abandoning module GeometryCache (122)
[2018.12.04-04.42.53:451][270]LogModuleManager: Shutting down and abandoning module BackChannel (120)
[2018.12.04-04.42.53:451][270]LogModuleManager: Shutting down and abandoning module AppleVision (118)
[2018.12.04-04.42.53:451][270]LogModuleManager: Shutting down and abandoning module AppleImageUtils (116)
[2018.12.04-04.42.53:451][270]LogModuleManager: Shutting down and abandoning module DatasmithContent (114)
[2018.12.04-04.42.53:452][270]LogModuleManager: Shutting down and abandoning module RuntimePhysXCooking (112)
[2018.12.04-04.42.53:452][270]LogModuleManager: Shutting down and abandoning module PhysXVehicles (110)
[2018.12.04-04.42.53:452][270]LogModuleManager: Shutting down and abandoning module LocationServicesBPLibrary (108)
[2018.12.04-04.42.53:452][270]LogModuleManager: Shutting down and abandoning module ImmediatePhysics (106)
[2018.12.04-04.42.53:452][270]LogModuleManager: Shutting down and abandoning module ActorSequence (104)
[2018.12.04-04.42.53:452][270]LogModuleManager: Shutting down and abandoning module UdpMessaging (102)
[2018.12.04-04.42.53:452][270]LogModuleManager: Shutting down and abandoning module TcpMessaging (100)
[2018.12.04-04.42.53:452][270]LogModuleManager: Shutting down and abandoning module FacialAnimation (98)
[2018.12.04-04.42.53:452][270]LogModuleManager: Shutting down and abandoning module LightPropagationVolumeRuntime (96)
[2018.12.04-04.42.53:452][270]LogModuleManager: Shutting down and abandoning module AISupportModule (94)
[2018.12.04-04.42.53:452][270]LogModuleManager: Shutting down and abandoning module Paper2D (92)
[2018.12.04-04.42.53:452][270]LogModuleManager: Shutting down and abandoning module WindowsMoviePlayer (90)
[2018.12.04-04.42.53:452][270]LogModuleManager: Shutting down and abandoning module WmfMedia (88)
[2018.12.04-04.42.53:452][270]LogModuleManager: Shutting down and abandoning module Media (87)
[2018.12.04-04.42.53:458][270]LogModuleManager: Shutting down and abandoning module PacketHandler (84)
[2018.12.04-04.42.53:458][270]LogModuleManager: Shutting down and abandoning module ClothingSystemRuntime (82)
[2018.12.04-04.42.53:458][270]LogModuleManager: Shutting down and abandoning module MediaAssets (80)
[2018.12.04-04.42.53:458][270]LogModuleManager: Shutting down and abandoning module Overlay (78)
[2018.12.04-04.42.53:458][270]LogModuleManager: Shutting down and abandoning module UMG (76)
[2018.12.04-04.42.53:458][270]LogModuleManager: Shutting down and abandoning module SlateReflector (74)
[2018.12.04-04.42.53:458][270]LogModuleManager: Shutting down and abandoning module Slate (72)
[2018.12.04-04.42.53:458][270]LogModuleManager: Shutting down and abandoning module MRMesh (70)
[2018.12.04-04.42.53:458][270]LogModuleManager: Shutting down and abandoning module Messaging (68)
[2018.12.04-04.42.53:458][270]LogModuleManager: Shutting down and abandoning module HeadMountedDisplay (66)
[2018.12.04-04.42.53:458][270]LogModuleManager: Shutting down and abandoning module XAudio2 (64)
[2018.12.04-04.42.53:458][270]LogModuleManager: Shutting down and abandoning module Networking (62)
[2018.12.04-04.42.53:458][270]LogModuleManager: Shutting down and abandoning module Core (60)
[2018.12.04-04.42.53:458][270]LogModuleManager: Shutting down and abandoning module LevelSequence (58)
[2018.12.04-04.42.53:458][270]LogModuleManager: Shutting down and abandoning module ImageWrapper (54)
[2018.12.04-04.42.53:458][270]LogModuleManager: Shutting down and abandoning module InputCore (52)
[2018.12.04-04.42.53:458][270]LogModuleManager: Shutting down and abandoning module PhysXCooking (50)
[2018.12.04-04.42.53:458][270]LogModuleManager: Shutting down and abandoning module SteamVR (48)
[2018.12.04-04.42.53:458][270]LogModuleManager: Shutting down and abandoning module OculusHMD (46)
[2018.12.04-04.42.53:458][270]LogModuleManager: Shutting down and abandoning module ExampleDeviceProfileSelector (44)
[2018.12.04-04.42.53:458][270]LogModuleManager: Shutting down and abandoning module LauncherChunkInstaller (42)
[2018.12.04-04.42.53:458][270]LogModuleManager: Shutting down and abandoning module OnlineSubsystem (38)
[2018.12.04-04.42.53:458][270]LogModuleManager: Shutting down and abandoning module HTTP (33)
[2018.12.04-04.42.53:491][270]LogModuleManager: Shutting down and abandoning module SSL (32)
[2018.12.04-04.42.53:491][270]LogModuleManager: Shutting down and abandoning module ShaderCore (28)
[2018.12.04-04.42.53:491][270]LogModuleManager: Shutting down and abandoning module Landscape (26)
[2018.12.04-04.42.53:491][270]LogModuleManager: Shutting down and abandoning module SlateRHIRenderer (24)
[2018.12.04-04.42.53:491][270]LogModuleManager: Shutting down and abandoning module OpenGLDrv (22)
[2018.12.04-04.42.53:491][270]LogModuleManager: Shutting down and abandoning module D3D11RHI (20)
[2018.12.04-04.42.53:491][270]LogModuleManager: Shutting down and abandoning module AnimGraphRuntime (18)
[2018.12.04-04.42.53:491][270]LogModuleManager: Shutting down and abandoning module Renderer (16)
[2018.12.04-04.42.53:491][270]LogModuleManager: Shutting down and abandoning module Engine (14)
[2018.12.04-04.42.53:491][270]LogModuleManager: Shutting down and abandoning module CoreUObject (12)
[2018.12.04-04.42.53:491][270]LogModuleManager: Shutting down and abandoning module NetworkFile (10)
[2018.12.04-04.42.53:491][270]LogModuleManager: Shutting down and abandoning module CookedIterativeFile (8)
[2018.12.04-04.42.53:491][270]LogModuleManager: Shutting down and abandoning module StreamingFile (6)
[2018.12.04-04.42.53:491][270]LogModuleManager: Shutting down and abandoning module SandboxFile (4)
[2018.12.04-04.42.53:491][270]LogModuleManager: Shutting down and abandoning module PakFile (2)
[2018.12.04-04.42.53:493][270]LogExit: Exiting.
[2018.12.04-04.42.53:503][270]Log file closed, 12/03/18 23:42:53
